This is pdfTeX, Version 3.141592653-2.6-1.40.22 (TeX Live 2022/dev/Debian) (preloaded format=pdflatex 2024.9.27)  11 FEB 2025 17:02
entering extended mode
 restricted \write18 enabled.
 %&-line parsing enabled.
**refman.tex -o 2Dsim_doc.pdf
(./refman.tex
LaTeX2e <2021-11-15> patch level 1
L3 programming layer <2022-01-21>
(/usr/share/texlive/texmf-dist/tex/latex/base/book.cls
Document Class: book 2021/10/04 v1.4n Standard LaTeX document class
(/usr/share/texlive/texmf-dist/tex/latex/base/bk10.clo
File: bk10.clo 2021/10/04 v1.4n Standard LaTeX file (size option)
)
\c@part=\count185
\c@chapter=\count186
\c@section=\count187
\c@subsection=\count188
\c@subsubsection=\count189
\c@paragraph=\count190
\c@subparagraph=\count191
\c@figure=\count192
\c@table=\count193
\abovecaptionskip=\skip47
\belowcaptionskip=\skip48
\bibindent=\dimen138
)
(/usr/share/texlive/texmf-dist/tex/latex/base/ifthen.sty
Package: ifthen 2020/11/24 v1.1c Standard LaTeX ifthen package (DPC)
)
(/usr/share/texlive/texmf-dist/tex/latex/tools/array.sty
Rollback for package 'array' requested -> date 2016-10-06.
         Best approximation is the release introduced on 2016-10-06.

(/usr/share/texlive/texmf-dist/tex/latex/tools/array-2016-10-06.sty
Package: array 2016/10/06 v2.4d Tabular extension package (FMi)
\col@sep=\dimen139
\extrarowheight=\dimen140
\NC@list=\toks16
\extratabsurround=\skip49
\backup@length=\skip50
))
(/usr/share/texlive/texmf-dist/tex/latex/base/fixltx2e.sty
Package: fixltx2e 2016/12/29 v2.1a fixes to LaTeX (obsolete)
Applying: [2015/01/01] Old fixltx2e package on input line 46.


Package fixltx2e Warning: fixltx2e is not required with releases after 2015
(fixltx2e)                All fixes are now in the LaTeX kernel.
(fixltx2e)                See the latexrelease package for details.

Already applied: [0000/00/00] Old fixltx2e package on input line 53.
) (./doxygen.sty
Package: doxygen 
 (/usr/share/texlive/texmf-dist/tex/latex/base/alltt.sty
Package: alltt 2021/01/29 v2.0g defines alltt environment
)
(/usr/share/texlive/texmf-dist/tex/latex/tools/calc.sty
Package: calc 2017/05/25 v4.3 Infix arithmetic (KKT,FJ)
\calc@Acount=\count194
\calc@Bcount=\count195
\calc@Adimen=\dimen141
\calc@Bdimen=\dimen142
\calc@Askip=\skip51
\calc@Bskip=\skip52
LaTeX Info: Redefining \setlength on input line 80.
LaTeX Info: Redefining \addtolength on input line 81.
\calc@Ccount=\count196
\calc@Cskip=\skip53
)
(/usr/share/texlive/texmf-dist/tex/latex/float/float.sty
Package: float 2001/11/08 v1.3d Float enhancements (AL)
\c@float@type=\count197
\float@exts=\toks17
\float@box=\box50
\@float@everytoks=\toks18
\@floatcapt=\box51
)
(/usr/share/texlive/texmf-dist/tex/latex/tools/verbatim.sty
Package: verbatim 2020-07-07 v1.5u LaTeX2e package for verbatim enhancements
\every@verbatim=\toks19
\verbatim@line=\toks20
\verbatim@in@stream=\read2
)
(/usr/share/texlive/texmf-dist/tex/latex/xcolor/xcolor.sty
Package: xcolor 2021/10/31 v2.13 LaTeX color extensions (UK)

(/usr/share/texlive/texmf-dist/tex/latex/graphics-cfg/color.cfg
File: color.cfg 2016/01/02 v1.6 sample color configuration
)
Package xcolor Info: Driver file: pdftex.def on input line 227.

(/usr/share/texlive/texmf-dist/tex/latex/graphics-def/pdftex.def
File: pdftex.def 2020/10/05 v1.2a Graphics/color driver for pdftex
)
(/usr/share/texlive/texmf-dist/tex/latex/colortbl/colortbl.sty
Package: colortbl 2020/01/04 v1.0e Color table columns (DPC)
\everycr=\toks21
\minrowclearance=\skip54
)
\rownum=\count198
Package xcolor Info: Model `cmy' substituted by `cmy0' on input line 1352.
Package xcolor Info: Model `hsb' substituted by `rgb' on input line 1356.
Package xcolor Info: Model `RGB' extended on input line 1368.
Package xcolor Info: Model `HTML' substituted by `rgb' on input line 1370.
Package xcolor Info: Model `Hsb' substituted by `hsb' on input line 1371.
Package xcolor Info: Model `tHsb' substituted by `hsb' on input line 1372.
Package xcolor Info: Model `HSB' substituted by `hsb' on input line 1373.
Package xcolor Info: Model `Gray' substituted by `gray' on input line 1374.
Package xcolor Info: Model `wave' substituted by `hsb' on input line 1375.
)
(./longtable_doxygen.sty
Package: longtable_doxygen 2014/10/28 v4.11 Multi-page Table package (DPC) - fr
ozen version for doxygen
\LTleft=\skip55
\LTright=\skip56
\LTpre=\skip57
\LTpost=\skip58
\LTchunksize=\count199
\LTcapwidth=\dimen143
\LT@head=\box52
\LT@firsthead=\box53
\LT@foot=\box54
\LT@lastfoot=\box55
\LT@cols=\count266
\LT@rows=\count267
\c@LT@tables=\count268
\c@LT@chunks=\count269
\LT@p@ftn=\toks22
) (./tabu_doxygen.sty
Package: tabu_doxygen 2011/02/26 v2.8 - flexible LaTeX tabulars (FC), frozen ve
rsion for doxygen

(/usr/share/texlive/texmf-dist/tex/latex/varwidth/varwidth.sty
Package: varwidth 2009/03/30 ver 0.92;  Variable-width minipages
\@vwid@box=\box56
\sift@deathcycles=\count270
\@vwid@loff=\dimen144
\@vwid@roff=\dimen145
)
\c@taburow=\count271
\tabu@nbcols=\count272
\tabu@cnt=\count273
\tabu@Xcol=\count274
\tabu@alloc=\count275
\tabu@nested=\count276
\tabu@target=\dimen146
\tabu@spreadtarget=\dimen147
\tabu@naturalX=\dimen148
\tabucolX=\dimen149
\tabu@Xsum=\dimen150
\extrarowdepth=\dimen151
\abovetabulinesep=\dimen152
\belowtabulinesep=\dimen153
\tabustrutrule=\dimen154
\tabu@thebody=\toks23
\tabu@footnotes=\toks24
\tabu@box=\box57
\tabu@arstrutbox=\box58
\tabu@hleads=\box59
\tabu@vleads=\box60
\tabu@cellskip=\skip59
)
(/usr/share/texlive/texmf-dist/tex/latex/fancyvrb/fancyvrb.sty
Package: fancyvrb 2021/12/21 4.1b verbatim text (tvz,hv)

(/usr/share/texlive/texmf-dist/tex/latex/graphics/keyval.sty
Package: keyval 2014/10/28 v1.15 key=value parser (DPC)
\KV@toks@=\toks25
)
\FV@CodeLineNo=\count277
\FV@InFile=\read3
\FV@TabBox=\box61
\c@FancyVerbLine=\count278
\FV@StepNumber=\count279
\FV@OutFile=\write3
)
(/usr/share/texlive/texmf-dist/tex/latex/tools/tabularx.sty
Package: tabularx 2020/01/15 v2.11c `tabularx' package (DPC)
\TX@col@width=\dimen155
\TX@old@table=\dimen156
\TX@old@col=\dimen157
\TX@target=\dimen158
\TX@delta=\dimen159
\TX@cols=\count280
\TX@ftn=\toks26
)
(/usr/share/texlive/texmf-dist/tex/latex/tools/multicol.sty
Package: multicol 2021/10/28 v1.9b multicolumn formatting (FMi)
\c@tracingmulticols=\count281
\mult@box=\box62
\multicol@leftmargin=\dimen160
\c@unbalance=\count282
\c@collectmore=\count283
\doublecol@number=\count284
\multicoltolerance=\count285
\multicolpretolerance=\count286
\full@width=\dimen161
\page@free=\dimen162
\premulticols=\dimen163
\postmulticols=\dimen164
\multicolsep=\skip60
\multicolbaselineskip=\skip61
\partial@page=\box63
\last@line=\box64
\maxbalancingoverflow=\dimen165
\mult@rightbox=\box65
\mult@grightbox=\box66
\mult@firstbox=\box67
\mult@gfirstbox=\box68
\@tempa=\box69
\@tempa=\box70
\@tempa=\box71
\@tempa=\box72
\@tempa=\box73
\@tempa=\box74
\@tempa=\box75
\@tempa=\box76
\@tempa=\box77
\@tempa=\box78
\@tempa=\box79
\@tempa=\box80
\@tempa=\box81
\@tempa=\box82
\@tempa=\box83
\@tempa=\box84
\@tempa=\box85
\@tempa=\box86
\@tempa=\box87
\@tempa=\box88
\@tempa=\box89
\@tempa=\box90
\@tempa=\box91
\@tempa=\box92
\@tempa=\box93
\@tempa=\box94
\@tempa=\box95
\@tempa=\box96
\@tempa=\box97
\@tempa=\box98
\@tempa=\box99
\@tempa=\box100
\@tempa=\box101
\@tempa=\box102
\@tempa=\box103
\@tempa=\box104
\c@minrows=\count287
\c@columnbadness=\count288
\c@finalcolumnbadness=\count289
\last@try=\dimen166
\multicolovershoot=\dimen167
\multicolundershoot=\dimen168
\mult@nat@firstbox=\box105
\colbreak@box=\box106
\mc@col@check@num=\count290
)
(/usr/share/texlive/texmf-dist/tex/latex/multirow/multirow.sty
Package: multirow 2021/03/15 v2.8 Span multiple rows of a table
\multirow@colwidth=\skip62
\multirow@cntb=\count291
\multirow@dima=\skip63
\bigstrutjot=\dimen169
)
(/usr/share/texlive/texmf-dist/tex/latex/hanging/hanging.sty
Package: hanging 2009/09/02 v1.2b hanging paragraphs and punctuation
\h@ngcommawd=\skip64
\h@ngfstopwd=\skip65
\h@ngquotewd=\skip66
\h@ngdquotewd=\skip67
\h@ngquerywd=\skip68
\h@ngexclwd=\skip69
\h@ngcolonwd=\skip70
\h@ngscolonwd=\skip71
)
(/usr/share/texlive/texmf-dist/tex/generic/iftex/ifpdf.sty
Package: ifpdf 2019/10/25 v3.4 ifpdf legacy package. Use iftex instead.

(/usr/share/texlive/texmf-dist/tex/generic/iftex/iftex.sty
Package: iftex 2020/03/06 v1.0d TeX engine tests
))
(/usr/share/texlive/texmf-dist/tex/latex/adjustbox/adjustbox.sty
Package: adjustbox 2020/08/19 v1.3 Adjusting TeX boxes (trim, clip, ...)

(/usr/share/texlive/texmf-dist/tex/latex/xkeyval/xkeyval.sty
Package: xkeyval 2020/11/20 v2.8 package option processing (HA)

(/usr/share/texlive/texmf-dist/tex/generic/xkeyval/xkeyval.tex
(/usr/share/texlive/texmf-dist/tex/generic/xkeyval/xkvutils.tex
\XKV@toks=\toks27
\XKV@tempa@toks=\toks28
)
\XKV@depth=\count292
File: xkeyval.tex 2014/12/03 v2.7a key=value parser (HA)
))
(/usr/share/texlive/texmf-dist/tex/latex/adjustbox/adjcalc.sty
Package: adjcalc 2012/05/16 v1.1 Provides advanced setlength with multiple back
-ends (calc, etex, pgfmath)
)
(/usr/share/texlive/texmf-dist/tex/latex/adjustbox/trimclip.sty
Package: trimclip 2020/08/19 v1.2 Trim and clip general TeX material

(/usr/share/texlive/texmf-dist/tex/latex/graphics/graphicx.sty
Package: graphicx 2021/09/16 v1.2d Enhanced LaTeX Graphics (DPC,SPQR)

(/usr/share/texlive/texmf-dist/tex/latex/graphics/graphics.sty
Package: graphics 2021/03/04 v1.4d Standard LaTeX Graphics (DPC,SPQR)

(/usr/share/texlive/texmf-dist/tex/latex/graphics/trig.sty
Package: trig 2021/08/11 v1.11 sin cos tan (DPC)
)
(/usr/share/texlive/texmf-dist/tex/latex/graphics-cfg/graphics.cfg
File: graphics.cfg 2016/06/04 v1.11 sample graphics configuration
)
Package graphics Info: Driver file: pdftex.def on input line 107.
)
\Gin@req@height=\dimen170
\Gin@req@width=\dimen171
)
(/usr/share/texlive/texmf-dist/tex/latex/collectbox/collectbox.sty
Package: collectbox 2012/05/17 v0.4b Collect macro arguments as boxes
\collectedbox=\box107
)
\tc@llx=\dimen172
\tc@lly=\dimen173
\tc@urx=\dimen174
\tc@ury=\dimen175
Package trimclip Info: Using driver 'tc-pdftex.def'.

(/usr/share/texlive/texmf-dist/tex/latex/adjustbox/tc-pdftex.def
File: tc-pdftex.def 2019/01/04 v2.2 Clipping driver for pdftex
))
\adjbox@Width=\dimen176
\adjbox@Height=\dimen177
\adjbox@Depth=\dimen178
\adjbox@Totalheight=\dimen179
\adjbox@pwidth=\dimen180
\adjbox@pheight=\dimen181
\adjbox@pdepth=\dimen182
\adjbox@ptotalheight=\dimen183

(/usr/share/texlive/texmf-dist/tex/latex/ifoddpage/ifoddpage.sty
Package: ifoddpage 2016/04/23 v1.1 Conditionals for odd/even page detection
\c@checkoddpage=\count293
))
(/usr/share/texlive/texmf-dist/tex/latex/amsfonts/amssymb.sty
Package: amssymb 2013/01/14 v3.01 AMS font symbols

(/usr/share/texlive/texmf-dist/tex/latex/amsfonts/amsfonts.sty
Package: amsfonts 2013/01/14 v3.01 Basic AMSFonts support
\@emptytoks=\toks29
\symAMSa=\mathgroup4
\symAMSb=\mathgroup5
LaTeX Font Info:    Redeclaring math symbol \hbar on input line 98.
LaTeX Font Info:    Overwriting math alphabet `\mathfrak' in version `bold'
(Font)                  U/euf/m/n --> U/euf/b/n on input line 106.
))
(/usr/share/texlive/texmf-dist/tex/latex/stackengine/stackengine.sty
Package: stackengine 2021/07/22 v4.11\ Stacking text and objects in convenient 
ways

(/usr/share/texlive/texmf-dist/tex/latex/etoolbox/etoolbox.sty
Package: etoolbox 2020/10/05 v2.5k e-TeX tools for LaTeX (JAW)
\etb@tempcnta=\count294
)
(/usr/share/texlive/texmf-dist/tex/generic/listofitems/listofitems.sty
(/usr/share/texlive/texmf-dist/tex/generic/listofitems/listofitems.tex
\loi_cnt_foreach_nest=\count295
\loi_nestcnt=\count296
)
Package: listofitems 2019/08/21 v1.63 Grab items in lists using user-specified 
sep char (CT)
)
\c@@stackindex=\count297
\@boxshift=\skip72
\stack@tmplength=\skip73
\temp@stkl=\skip74
\@stackedboxwidth=\skip75
\@addedbox=\box108
\@anchorbox=\box109
\@insetbox=\box110
\se@backgroundbox=\box111
\stackedbox=\box112
\@centerbox=\box113
\c@ROWcellindex@=\count298
)
(/usr/share/texlive/texmf-dist/tex/generic/ulem/ulem.sty
\UL@box=\box114
\UL@hyphenbox=\box115
\UL@skip=\skip76
\UL@hook=\toks30
\UL@height=\dimen184
\UL@pe=\count299
\UL@pixel=\dimen185
\ULC@box=\box116
Package: ulem 2019/11/18
\ULdepth=\dimen186
)
\xrefbox=\box117
\xreflength=\skip77
\CodeWidthChar=\skip78
\CodeHeightChar=\skip79
\DoxyCodeWidth=\skip80
)
(/usr/share/texlive/texmf-dist/tex/latex/base/inputenc.sty
Package: inputenc 2021/02/14 v1.3d Input encoding file
\inpenc@prehook=\toks31
\inpenc@posthook=\toks32
)
(/usr/share/texlive/texmf-dist/tex/latex/base/makeidx.sty
Package: makeidx 2021/10/04 v1.0m Standard LaTeX package
)
(/usr/share/texlive/texmf-dist/tex/latex/base/textcomp.sty
Package: textcomp 2020/02/02 v2.0n Standard LaTeX package
)
(/usr/share/texlive/texmf-dist/tex/latex/wasysym/wasysym.sty
Package: wasysym 2020/01/19 v2.4 Wasy-2 symbol support package
\symwasy=\mathgroup6
LaTeX Font Info:    Overwriting symbol font `wasy' in version `bold'
(Font)                  U/wasy/m/n --> U/wasy/b/n on input line 93.
)
(/usr/share/texlive/texmf-dist/tex/generic/iftex/ifxetex.sty
Package: ifxetex 2019/10/25 v0.7 ifxetex legacy package. Use iftex instead.
)
(/usr/share/texlive/texmf-dist/tex/latex/base/fontenc.sty
Package: fontenc 2021/04/29 v2.0v Standard LaTeX package
)
(/usr/share/texlive/texmf-dist/tex/latex/psnfss/helvet.sty
Package: helvet 2020/03/25 PSNFSS-v9.3 (WaS) 
)
(/usr/share/texlive/texmf-dist/tex/latex/psnfss/courier.sty
Package: courier 2020/03/25 PSNFSS-v9.3 (WaS) 
)
(/usr/share/texlive/texmf-dist/tex/latex/sectsty/sectsty.sty
Package: sectsty 2002/02/25 v2.0.2 Commands to change all sectional heading sty
les


LaTeX Warning: Command \underbar  has changed.
               Check if current package is valid.


LaTeX Warning: Command \underline  has changed.
               Check if current package is valid.

) (/usr/share/texlive/texmf-dist/tex/latex/geometry/geometry.sty
Package: geometry 2020/01/02 v5.9 Page Geometry

(/usr/share/texlive/texmf-dist/tex/generic/iftex/ifvtex.sty
Package: ifvtex 2019/10/25 v1.7 ifvtex legacy package. Use iftex instead.
)
\Gm@cnth=\count300
\Gm@cntv=\count301
\c@Gm@tempcnt=\count302
\Gm@bindingoffset=\dimen187
\Gm@wd@mp=\dimen188
\Gm@odd@mp=\dimen189
\Gm@even@mp=\dimen190
\Gm@layoutwidth=\dimen191
\Gm@layoutheight=\dimen192
\Gm@layouthoffset=\dimen193
\Gm@layoutvoffset=\dimen194
\Gm@dimlist=\toks33
)
(/usr/share/texlive/texmf-dist/tex/latex/fancyhdr/fancyhdr.sty
Package: fancyhdr 2021/01/28 v4.0.1 Extensive control of page headers and foote
rs
\f@nch@headwidth=\skip81
\f@nch@O@elh=\skip82
\f@nch@O@erh=\skip83
\f@nch@O@olh=\skip84
\f@nch@O@orh=\skip85
\f@nch@O@elf=\skip86
\f@nch@O@erf=\skip87
\f@nch@O@olf=\skip88
\f@nch@O@orf=\skip89
)
(/usr/share/texlive/texmf-dist/tex/latex/natbib/natbib.sty
Package: natbib 2010/09/13 8.31b (PWD, AO)
\bibhang=\skip90
\bibsep=\skip91
LaTeX Info: Redefining \cite on input line 694.
\c@NAT@ctr=\count303
)
(/usr/share/texlive/texmf-dist/tex/latex/tocloft/tocloft.sty
Package: tocloft 2017/08/31 v2.3i parameterised ToC, etc., typesetting
Package tocloft Info: The document has chapter divisions on input line 51.
\cftparskip=\skip92
\cftbeforetoctitleskip=\skip93
\cftaftertoctitleskip=\skip94
\cftbeforepartskip=\skip95
\cftpartnumwidth=\skip96
\cftpartindent=\skip97
\cftbeforechapskip=\skip98
\cftchapindent=\skip99
\cftchapnumwidth=\skip100
\cftbeforesecskip=\skip101
\cftsecindent=\skip102
\cftsecnumwidth=\skip103
\cftbeforesubsecskip=\skip104
\cftsubsecindent=\skip105
\cftsubsecnumwidth=\skip106
\cftbeforesubsubsecskip=\skip107
\cftsubsubsecindent=\skip108
\cftsubsubsecnumwidth=\skip109
\cftbeforeparaskip=\skip110
\cftparaindent=\skip111
\cftparanumwidth=\skip112
\cftbeforesubparaskip=\skip113
\cftsubparaindent=\skip114
\cftsubparanumwidth=\skip115
\cftbeforeloftitleskip=\skip116
\cftafterloftitleskip=\skip117
\cftbeforefigskip=\skip118
\cftfigindent=\skip119
\cftfignumwidth=\skip120
\c@lofdepth=\count304
\c@lotdepth=\count305
\cftbeforelottitleskip=\skip121
\cftafterlottitleskip=\skip122
\cftbeforetabskip=\skip123
\cfttabindent=\skip124
\cfttabnumwidth=\skip125
)
\@indexfile=\write4
\openout4 = `refman.idx'.


Writing index file refman.idx
(/usr/share/texlive/texmf-dist/tex/latex/newunicodechar/newunicodechar.sty
Package: newunicodechar 2018/04/08 v1.2 Defining Unicode characters
)

Package newunicodechar Warning: Redefining Unicode character on input line 115.



Package newunicodechar Warning: Redefining Unicode character on input line 116.


(/usr/share/texlive/texmf-dist/tex/latex/hyperref/hyperref.sty
Package: hyperref 2021-06-07 v7.00m Hypertext links for LaTeX

(/usr/share/texlive/texmf-dist/tex/generic/ltxcmds/ltxcmds.sty
Package: ltxcmds 2020-05-10 v1.25 LaTeX kernel commands for general use (HO)
)
(/usr/share/texlive/texmf-dist/tex/generic/pdftexcmds/pdftexcmds.sty
Package: pdftexcmds 2020-06-27 v0.33 Utility functions of pdfTeX for LuaTeX (HO
)

(/usr/share/texlive/texmf-dist/tex/generic/infwarerr/infwarerr.sty
Package: infwarerr 2019/12/03 v1.5 Providing info/warning/error messages (HO)
)
Package pdftexcmds Info: \pdf@primitive is available.
Package pdftexcmds Info: \pdf@ifprimitive is available.
Package pdftexcmds Info: \pdfdraftmode found.
)
(/usr/share/texlive/texmf-dist/tex/generic/kvsetkeys/kvsetkeys.sty
Package: kvsetkeys 2019/12/15 v1.18 Key value parser (HO)
)
(/usr/share/texlive/texmf-dist/tex/generic/kvdefinekeys/kvdefinekeys.sty
Package: kvdefinekeys 2019-12-19 v1.6 Define keys (HO)
)
(/usr/share/texlive/texmf-dist/tex/generic/pdfescape/pdfescape.sty
Package: pdfescape 2019/12/09 v1.15 Implements pdfTeX's escape features (HO)
)
(/usr/share/texlive/texmf-dist/tex/latex/hycolor/hycolor.sty
Package: hycolor 2020-01-27 v1.10 Color options for hyperref/bookmark (HO)
)
(/usr/share/texlive/texmf-dist/tex/latex/letltxmacro/letltxmacro.sty
Package: letltxmacro 2019/12/03 v1.6 Let assignment for LaTeX macros (HO)
)
(/usr/share/texlive/texmf-dist/tex/latex/auxhook/auxhook.sty
Package: auxhook 2019-12-17 v1.6 Hooks for auxiliary files (HO)
)
(/usr/share/texlive/texmf-dist/tex/latex/kvoptions/kvoptions.sty
Package: kvoptions 2020-10-07 v3.14 Key value format for package options (HO)
)
\@linkdim=\dimen195
\Hy@linkcounter=\count306
\Hy@pagecounter=\count307

(/usr/share/texlive/texmf-dist/tex/latex/hyperref/pd1enc.def
File: pd1enc.def 2021-06-07 v7.00m Hyperref: PDFDocEncoding definition (HO)
Now handling font encoding PD1 ...
... no UTF-8 mapping file for font encoding PD1
)
(/usr/share/texlive/texmf-dist/tex/latex/hyperref/hyperref-langpatches.def
File: hyperref-langpatches.def 2021-06-07 v7.00m Hyperref: patches for babel la
nguages
)
(/usr/share/texlive/texmf-dist/tex/generic/intcalc/intcalc.sty
Package: intcalc 2019/12/15 v1.3 Expandable calculations with integers (HO)
)
(/usr/share/texlive/texmf-dist/tex/generic/etexcmds/etexcmds.sty
Package: etexcmds 2019/12/15 v1.7 Avoid name clashes with e-TeX commands (HO)
)
\Hy@SavedSpaceFactor=\count308

(/usr/share/texlive/texmf-dist/tex/latex/hyperref/puenc.def
File: puenc.def 2021-06-07 v7.00m Hyperref: PDF Unicode definition (HO)
Now handling font encoding PU ...
... no UTF-8 mapping file for font encoding PU
)
Package hyperref Info: Hyper figures OFF on input line 4192.
Package hyperref Info: Link nesting OFF on input line 4197.
Package hyperref Info: Hyper index ON on input line 4200.
Package hyperref Info: Plain pages OFF on input line 4207.
Package hyperref Info: Backreferencing ON on input line 4210.
Package hyperref Info: Implicit mode ON; LaTeX internals redefined.
Package hyperref Info: Bookmarks ON on input line 4445.

(/usr/share/texlive/texmf-dist/tex/latex/hyperref/backref.sty
Package: backref 2021/02/04 v1.41 Bibliographical back referencing

(/usr/share/texlive/texmf-dist/tex/latex/rerunfilecheck/rerunfilecheck.sty
Package: rerunfilecheck 2019/12/05 v1.9 Rerun checks for auxiliary files (HO)

(/usr/share/texlive/texmf-dist/tex/latex/base/atveryend-ltx.sty
Package: atveryend-ltx 2020/08/19 v1.0a Emulation of the original atveryend pac
kage
with kernel methods
)
(/usr/share/texlive/texmf-dist/tex/generic/uniquecounter/uniquecounter.sty
Package: uniquecounter 2019/12/15 v1.4 Provide unlimited unique counter (HO)

(/usr/share/texlive/texmf-dist/tex/generic/bigintcalc/bigintcalc.sty
Package: bigintcalc 2019/12/15 v1.5 Expandable calculations on big integers (HO
)
))
Package uniquecounter Info: New unique counter `rerunfilecheck' on input line 2
86.
))
\c@Hy@tempcnt=\count309

(/usr/share/texlive/texmf-dist/tex/latex/url/url.sty
\Urlmuskip=\muskip16
Package: url 2013/09/16  ver 3.4  Verb mode for urls, etc.
)
LaTeX Info: Redefining \url on input line 4804.
\XeTeXLinkMargin=\dimen196

(/usr/share/texlive/texmf-dist/tex/generic/bitset/bitset.sty
Package: bitset 2019/12/09 v1.3 Handle bit-vector datatype (HO)
)
\Fld@menulength=\count310
\Field@Width=\dimen197
\Fld@charsize=\dimen198
Package hyperref Info: Hyper figures OFF on input line 6076.
Package hyperref Info: Link nesting OFF on input line 6081.
Package hyperref Info: Hyper index ON on input line 6084.
Package hyperref Info: backreferencing ON on input line 6089.
Package hyperref Info: Link coloring OFF on input line 6096.
Package hyperref Info: Link coloring with OCG OFF on input line 6101.
Package hyperref Info: PDF/A mode OFF on input line 6106.
LaTeX Info: Redefining \ref on input line 6146.
LaTeX Info: Redefining \pageref on input line 6150.

(/usr/share/texlive/texmf-dist/tex/latex/base/atbegshi-ltx.sty
Package: atbegshi-ltx 2021/01/10 v1.0c Emulation of the original atbegshi
package with kernel methods
)
\Hy@abspage=\count311
\c@Item=\count312
\c@Hfootnote=\count313


LaTeX Warning: Command \LT@p@ftntext  has changed.
               Check if current package is valid.

)
Package hyperref Info: Driver: hpdftex.
 (/usr/share/texlive/texmf-dist/tex/latex/hyperref/hpdftex.def
File: hpdftex.def 2021-06-07 v7.00m Hyperref driver for pdfTeX
\Fld@listcount=\count314
\c@bookmark@seq@number=\count315
\Hy@SectionHShift=\skip126
)
Package hyperref Info: Option `colorlinks' set `true' on input line 134.
Package hyperref Info: Option `unicode' set `true' on input line 134.

(/usr/share/texlive/texmf-dist/tex/latex/caption/caption.sty
Package: caption 2020/10/26 v3.5g Customizing captions (AR)

(/usr/share/texlive/texmf-dist/tex/latex/caption/caption3.sty
Package: caption3 2020/10/21 v2.2e caption3 kernel (AR)
\captionmargin=\dimen199
\captionmargin@=\dimen256
\captionwidth=\dimen257
\caption@tempdima=\dimen258
\caption@indent=\dimen259
\caption@parindent=\dimen260
\caption@hangindent=\dimen261
Package caption Info: Standard document class detected.
)
\c@caption@flags=\count316
\c@continuedfloat=\count317
Package caption Info: float package is loaded.
Package caption Info: hyperref package is loaded.
Package caption Info: longtable package is loaded.

(/usr/share/texlive/texmf-dist/tex/latex/caption/ltcaption.sty
Package: ltcaption 2020/05/30 v1.4b longtable captions (AR)
))
(/usr/share/texlive/texmf-dist/tex/latex/etoc/etoc.sty
Package: etoc 2021/09/23 v1.09e Completely customisable TOCs (JFB)
\Etoc@toctoks=\toks34
\c@etoc@tocid=\count318
\c@etoc@tocdepth=\count319
\etoc@framed@titlebox=\box118
\etoc@framed@contentsbox=\box119
)
LaTeX Font Info:    Trying to load font information for T1+phv on input line 14
9.

(/usr/share/texlive/texmf-dist/tex/latex/psnfss/t1phv.fd
File: t1phv.fd 2020/03/25 scalable font definitions for T1/phv.
)
LaTeX Font Info:    Font shape `T1/phv/m/n' will be
(Font)              scaled to size 8.99994pt on input line 149.

(/usr/share/texlive/texmf-dist/tex/latex/l3backend/l3backend-pdftex.def
File: l3backend-pdftex.def 2022-01-12 L3 backend support: PDF output (pdfTeX)
\l__color_backend_stack_int=\count320
\l__pdf_internal_box=\box120
)
(./refman.aux)
\openout1 = `refman.aux'.

LaTeX Font Info:    Checking defaults for OML/cmm/m/it on input line 149.
LaTeX Font Info:    ... okay on input line 149.
LaTeX Font Info:    Checking defaults for OMS/cmsy/m/n on input line 149.
LaTeX Font Info:    ... okay on input line 149.
LaTeX Font Info:    Checking defaults for OT1/cmr/m/n on input line 149.
LaTeX Font Info:    ... okay on input line 149.
LaTeX Font Info:    Checking defaults for T1/cmr/m/n on input line 149.
LaTeX Font Info:    ... okay on input line 149.
LaTeX Font Info:    Checking defaults for TS1/cmr/m/n on input line 149.
LaTeX Font Info:    ... okay on input line 149.
LaTeX Font Info:    Checking defaults for OMX/cmex/m/n on input line 149.
LaTeX Font Info:    ... okay on input line 149.
LaTeX Font Info:    Checking defaults for U/cmr/m/n on input line 149.
LaTeX Font Info:    ... okay on input line 149.
LaTeX Font Info:    Checking defaults for PD1/pdf/m/n on input line 149.
LaTeX Font Info:    ... okay on input line 149.
LaTeX Font Info:    Checking defaults for PU/pdf/m/n on input line 149.
LaTeX Font Info:    ... okay on input line 149.

(/usr/share/texlive/texmf-dist/tex/context/base/mkii/supp-pdf.mkii
[Loading MPS to PDF converter (version 2006.09.02).]
\scratchcounter=\count321
\scratchdimen=\dimen262
\scratchbox=\box121
\nofMPsegments=\count322
\nofMParguments=\count323
\everyMPshowfont=\toks35
\MPscratchCnt=\count324
\MPscratchDim=\dimen263
\MPnumerator=\count325
\makeMPintoPDFobject=\count326
\everyMPtoPDFconversion=\toks36
) (/usr/share/texlive/texmf-dist/tex/latex/epstopdf-pkg/epstopdf-base.sty
Package: epstopdf-base 2020-01-24 v2.11 Base part for package epstopdf
Package epstopdf-base Info: Redefining graphics rule for `.eps' on input line 4
85.

(/usr/share/texlive/texmf-dist/tex/latex/latexconfig/epstopdf-sys.cfg
File: epstopdf-sys.cfg 2010/07/13 v1.3 Configuration of (r)epstopdf for TeX Liv
e
))
*geometry* driver: auto-detecting
*geometry* detected driver: pdftex
*geometry* verbose mode - [ preamble ] result:
* driver: pdftex
* paper: a4paper
* layout: <same size as paper>
* layoutoffset:(h,v)=(0.0pt,0.0pt)
* modes: twoside 
* h-part:(L,W,R)=(71.13188pt, 455.24411pt, 71.13188pt)
* v-part:(T,H,B)=(71.13188pt, 702.78308pt, 71.13188pt)
* \paperwidth=597.50787pt
* \paperheight=845.04684pt
* \textwidth=455.24411pt
* \textheight=702.78308pt
* \oddsidemargin=-1.1381pt
* \evensidemargin=-1.1381pt
* \topmargin=-31.2056pt
* \headheight=12.0pt
* \headsep=18.06749pt
* \topskip=10.0pt
* \footskip=25.29494pt
* \marginparwidth=125.0pt
* \marginparsep=7.0pt
* \columnsep=10.0pt
* \skip\footins=9.0pt plus 4.0pt minus 2.0pt
* \hoffset=0.0pt
* \voffset=0.0pt
* \mag=1000
* \@twocolumnfalse
* \@twosidetrue
* \@mparswitchtrue
* \@reversemarginfalse
* (1in=72.27pt=25.4mm, 1cm=28.453pt)

Package hyperref Info: Link coloring ON on input line 149.
(/usr/share/texlive/texmf-dist/tex/latex/hyperref/nameref.sty
Package: nameref 2021-04-02 v2.47 Cross-referencing by name of section

(/usr/share/texlive/texmf-dist/tex/latex/refcount/refcount.sty
Package: refcount 2019/12/15 v3.6 Data extraction from label references (HO)
)
(/usr/share/texlive/texmf-dist/tex/generic/gettitlestring/gettitlestring.sty
Package: gettitlestring 2019/12/15 v1.6 Cleanup title references (HO)
)
\c@section@level=\count327
)
LaTeX Info: Redefining \ref on input line 149.
LaTeX Info: Redefining \pageref on input line 149.
LaTeX Info: Redefining \nameref on input line 149.

(./refman.out) (./refman.out)
\@outlinefile=\write5
\openout5 = `refman.out'.

Package backref Info: ** backref set up for natbib ** on input line 149.
Package caption Info: Begin \AtBeginDocument code.
Package caption Info: End \AtBeginDocument code.
\Etoc@tf=\read4
Package hyperref Info: Option `pageanchor' set `false' on input line 156.
Package hyperref Info: Option `bookmarksnumbered' set `true' on input line 156.

Package hyperref Info: Option `unicode' set `true' on input line 156.
LaTeX Font Info:    Font shape `T1/phv/m/n' will be
(Font)              scaled to size 12.9599pt on input line 161.
LaTeX Font Info:    Font shape `T1/phv/m/n' will be
(Font)              scaled to size 10.79993pt on input line 163.
 [1


{/var/lib/texmf/fonts/map/pdftex/updmap/pdftex.map}] [2

]
\tf@toc=\write6
\openout6 = `refman.toc'.

LaTeX Font Info:    Font shape `T1/phv/b/n' will be
(Font)              scaled to size 8.99994pt on input line 169.
LaTeX Font Info:    Trying to load font information for U+msa on input line 169
.
 (/usr/share/texlive/texmf-dist/tex/latex/amsfonts/umsa.fd
File: umsa.fd 2013/01/14 v3.01 AMS symbols A
)
LaTeX Font Info:    Trying to load font information for U+msb on input line 169
.

(/usr/share/texlive/texmf-dist/tex/latex/amsfonts/umsb.fd
File: umsb.fd 2013/01/14 v3.01 AMS symbols B
)
LaTeX Font Info:    Trying to load font information for U+wasy on input line 16
9.

(/usr/share/texlive/texmf-dist/tex/latex/wasysym/uwasy.fd
File: uwasy.fd 2020/01/19 v2.4 Wasy-2 symbol font definitions
)
LaTeX Font Info:    Font shape `T1/phv/b/n' will be
(Font)              scaled to size 6.29996pt on input line 169.
 [1]
LaTeX Font Info:    Font shape `T1/phv/m/n' will be
(Font)              scaled to size 6.29996pt on input line 169.
 [2] [3] [4]
[5] [6] [7] [8]
Package hyperref Info: Option `pageanchor' set `true' on input line 171.

Chapter 1.
LaTeX Font Info:    Font shape `T1/phv/m/n' will be
(Font)              scaled to size 18.66588pt on input line 174.
LaTeX Font Info:    Font shape `T1/phv/b/n' will be
(Font)              scaled to size 18.66588pt on input line 174.
LaTeX Font Info:    Font shape `T1/phv/bc/n' will be
(Font)              scaled to size 18.66588pt on input line 174.
LaTeX Font Info:    Font shape `T1/phv/m/n' will be
(Font)              scaled to size 22.39185pt on input line 174.
LaTeX Font Info:    Font shape `T1/phv/b/n' will be
(Font)              scaled to size 22.39185pt on input line 174.
LaTeX Font Info:    Font shape `T1/phv/bc/n' will be
(Font)              scaled to size 22.39185pt on input line 174.
(./index.tex
LaTeX Font Info:    Font shape `T1/phv/b/n' will be
(Font)              scaled to size 12.9599pt on input line 3.
LaTeX Font Info:    Trying to load font information for TS1+phv on input line 7
.
 (/usr/share/texlive/texmf-dist/tex/latex/psnfss/ts1phv.fd
File: ts1phv.fd 2020/03/25 scalable font definitions for TS1/phv.
)
LaTeX Font Info:    Font shape `TS1/phv/m/n' will be
(Font)              scaled to size 8.99994pt on input line 7.
LaTeX Font Info:    Trying to load font information for T1+pcr on input line 19
.

(/usr/share/texlive/texmf-dist/tex/latex/psnfss/t1pcr.fd
File: t1pcr.fd 2001/06/04 font definitions for T1/pcr.
) [1


]
LaTeX Font Info:    Font shape `T1/phv/m/it' in size <10> not available
(Font)              Font shape `T1/phv/m/sl' tried instead on input line 43.
LaTeX Font Info:    Font shape `T1/phv/m/sl' will be
(Font)              scaled to size 8.99994pt on input line 43.
) [2]
Chapter 2.
(./modules.tex) [3

] [4

]
Chapter 3.
(./annotated.tex) [5] [6

]
Chapter 4.
(./files.tex) [7] [8

]
Chapter 5.
(./group__PerceptionModule.tex <./group__PerceptionModule.pdf

pdfTeX warning: pdflatex (file ./group__PerceptionModule.pdf): PDF inclusion: m
ultiple pdfs with page group included in a single page
>
<group__PerceptionModule.pdf, id=1840, 343.2825pt x 110.4125pt>
File: group__PerceptionModule.pdf Graphic file (type pdf)
<use group__PerceptionModule.pdf>
Package pdftex.def Info: group__PerceptionModule.pdf  used on input line 7.
(pdftex.def)             Requested size: 342.0pt x 109.99945pt.
LaTeX Font Info:    Font shape `T1/phv/b/n' will be
(Font)              scaled to size 10.79993pt on input line 10.
LaTeX Font Info:    Font shape `T1/phv/m/n' will be
(Font)              scaled to size 8.09995pt on input line 19.
LaTeX Font Info:    Font shape `T1/phv/m/it' in size <9> not available
(Font)              Font shape `T1/phv/m/sl' tried instead on input line 19.
LaTeX Font Info:    Font shape `T1/phv/m/sl' will be
(Font)              scaled to size 8.09995pt on input line 19.
LaTeX Font Info:    Font shape `T1/phv/m/it' in size <7> not available
(Font)              Font shape `T1/phv/m/sl' tried instead on input line 19.
LaTeX Font Info:    Font shape `T1/phv/m/sl' will be
(Font)              scaled to size 6.29996pt on input line 19.

Underfull \hbox (badness 4792) in paragraph at lines 36--38
[]\T1/phv/m/n/10 void [] ([] $\OMS/cmsy/m/n/10 ^^C$\T1/phv/m/n/10 circumference
[]_[]points, float point[]_[]x, float point[]_[]
 []

[9]
LaTeX Font Info:    Font shape `T1/phv/m/n' will be
(Font)              scaled to size 7.19995pt on input line 79.
LaTeX Font Info:    Font shape `T1/pcr/m/it' in size <8> not available
(Font)              Font shape `T1/pcr/m/sl' tried instead on input line 79.
LaTeX Font Info:    Font shape `T1/pcr/m/it' in size <7> not available
(Font)              Font shape `T1/pcr/m/sl' tried instead on input line 79.
 <./group__PerceptionModule_gaf16a2babc7e4a480309f889a0e848c72_icgraph.pdf>
<group__PerceptionModule_gaf16a2babc7e4a480309f889a0e848c72_icgraph.pdf, id=190
8, 501.875pt x 100.375pt>
File: group__PerceptionModule_gaf16a2babc7e4a480309f889a0e848c72_icgraph.pdf Gr
aphic file (type pdf)
<use group__PerceptionModule_gaf16a2babc7e4a480309f889a0e848c72_icgraph.pdf>
Package pdftex.def Info: group__PerceptionModule_gaf16a2babc7e4a480309f889a0e84
8c72_icgraph.pdf  used on input line 91.
(pdftex.def)             Requested size: 350.0pt x 70.00316pt.

[10] [11] <./group__PerceptionModule_gad42bf825ec1093bf25b80bc192f3f952_icgraph
.pdf>
<group__PerceptionModule_gad42bf825ec1093bf25b80bc192f3f952_icgraph.pdf, id=196
5, 327.2225pt x 100.375pt>
File: group__PerceptionModule_gad42bf825ec1093bf25b80bc192f3f952_icgraph.pdf Gr
aphic file (type pdf)
<use group__PerceptionModule_gad42bf825ec1093bf25b80bc192f3f952_icgraph.pdf>
Package pdftex.def Info: group__PerceptionModule_gad42bf825ec1093bf25b80bc192f3
f952_icgraph.pdf  used on input line 128.
(pdftex.def)             Requested size: 326.0pt x 99.9995pt.
 <./group__PerceptionModule_ga9c68a3d545ebb7bb3092f88b7e10084a_cgraph.pdf

pdfTeX warning: pdflatex (file ./group__PerceptionModule_ga9c68a3d545ebb7bb3092
f88b7e10084a_cgraph.pdf): PDF inclusion: multiple pdfs with page group included
 in a single page
>
<group__PerceptionModule_ga9c68a3d545ebb7bb3092f88b7e10084a_cgraph.pdf, id=1974
, 293.095pt x 138.5175pt>
File: group__PerceptionModule_ga9c68a3d545ebb7bb3092f88b7e10084a_cgraph.pdf Gra
phic file (type pdf)
<use group__PerceptionModule_ga9c68a3d545ebb7bb3092f88b7e10084a_cgraph.pdf>
Package pdftex.def Info: group__PerceptionModule_ga9c68a3d545ebb7bb3092f88b7e10
084a_cgraph.pdf  used on input line 141.
(pdftex.def)             Requested size: 292.0pt x 137.99931pt.
 <./group__PerceptionModule_ga9c68a3d545ebb7bb3092f88b7e10084a_icgraph.pdf

pdfTeX warning: pdflatex (file ./group__PerceptionModule_ga9c68a3d545ebb7bb3092
f88b7e10084a_icgraph.pdf): PDF inclusion: multiple pdfs with page group include
d in a single page
>
<group__PerceptionModule_ga9c68a3d545ebb7bb3092f88b7e10084a_icgraph.pdf, id=198
2, 348.30125pt x 100.375pt>
File: group__PerceptionModule_ga9c68a3d545ebb7bb3092f88b7e10084a_icgraph.pdf Gr
aphic file (type pdf)
<use group__PerceptionModule_ga9c68a3d545ebb7bb3092f88b7e10084a_icgraph.pdf>
Package pdftex.def Info: group__PerceptionModule_ga9c68a3d545ebb7bb3092f88b7e10
084a_icgraph.pdf  used on input line 148.
(pdftex.def)             Requested size: 347.0pt x 100.00409pt.
 [12] <./group__PerceptionModule_ga697c64eba1fb6796e0e5ccc17dc578dd_icgraph.pdf
>
<group__PerceptionModule_ga697c64eba1fb6796e0e5ccc17dc578dd_icgraph.pdf, id=199
8, 461.725pt x 100.375pt>
File: group__PerceptionModule_ga697c64eba1fb6796e0e5ccc17dc578dd_icgraph.pdf Gr
aphic file (type pdf)
<use group__PerceptionModule_ga697c64eba1fb6796e0e5ccc17dc578dd_icgraph.pdf>
Package pdftex.def Info: group__PerceptionModule_ga697c64eba1fb6796e0e5ccc17dc5
78dd_icgraph.pdf  used on input line 161.
(pdftex.def)             Requested size: 350.0pt x 76.08667pt.
 [13]) (./group__Perception__Functions.tex <./group__Perception__Functions.pdf>
<group__Perception__Functions.pdf, id=2019, 343.2825pt x 110.4125pt>
File: group__Perception__Functions.pdf Graphic file (type pdf)
<use group__Perception__Functions.pdf>
Package pdftex.def Info: group__Perception__Functions.pdf  used on input line 7
.
(pdftex.def)             Requested size: 342.0pt x 109.99945pt.
) (./group__VehicleModule.tex [14]
LaTeX Font Info:    Font shape `TS1/phv/m/it' in size <9> not available
(Font)              Font shape `TS1/phv/m/sl' tried instead on input line 7.
LaTeX Font Info:    Font shape `TS1/phv/m/sl' will be
(Font)              scaled to size 8.09995pt on input line 7.
 [15] <./group__VehicleModule_ga4a1f78c4260229ebd2850350d181cc86_icgraph.pdf>
<group__VehicleModule_ga4a1f78c4260229ebd2850350d181cc86_icgraph.pdf, id=2050, 
511.9125pt x 138.5175pt>
File: group__VehicleModule_ga4a1f78c4260229ebd2850350d181cc86_icgraph.pdf Graph
ic file (type pdf)
<use group__VehicleModule_ga4a1f78c4260229ebd2850350d181cc86_icgraph.pdf>
Package pdftex.def Info: group__VehicleModule_ga4a1f78c4260229ebd2850350d181cc8
6_icgraph.pdf  used on input line 57.
(pdftex.def)             Requested size: 350.0pt x 94.70636pt.
) [16]
Chapter 6.
(./structcandidate__cone.tex [17

]) (./structcone.tex [18] [19])
(./structcone__border.tex [20]) (./structHough__circle__point__t.tex [21])
(./structpointcloud__t.tex [22]) (./structtask__par.tex <./structtask__par__col
l__graph.pdf

pdfTeX warning: pdflatex (file ./structtask__par__coll__graph.pdf): PDF inclusi
on: multiple pdfs with page group included in a single page
>
<structtask__par__coll__graph.pdf, id=2147, 183.68625pt x 178.6675pt>
File: structtask__par__coll__graph.pdf Graphic file (type pdf)
<use structtask__par__coll__graph.pdf>
Package pdftex.def Info: structtask__par__coll__graph.pdf  used on input line 1
3.
(pdftex.def)             Requested size: 183.0pt x 178.01274pt.
 [23] [24]) (./structtimespec__custom.tex) (./structwaypoint.tex [25] [26])
[27] [28

]
Chapter 7.
(./control_8h.tex <./control_8h__incl.pdf

pdfTeX warning: pdflatex (file ./control_8h__incl.pdf): PDF inclusion: multiple
 pdfs with page group included in a single page
>
<control_8h__incl.pdf, id=2220, 321.2pt x 325.215pt>
File: control_8h__incl.pdf Graphic file (type pdf)
<use control_8h__incl.pdf>
Package pdftex.def Info: control_8h__incl.pdf  used on input line 15.
(pdftex.def)             Requested size: 320.0pt x 324.00833pt.
 <./control_8h__dep__incl.pdf

pdfTeX warning: pdflatex (file ./control_8h__dep__incl.pdf): PDF inclusion: mul
tiple pdfs with page group included in a single page
>
<control_8h__dep__incl.pdf, id=2228, 421.575pt x 212.795pt>
File: control_8h__dep__incl.pdf Graphic file (type pdf)
<use control_8h__dep__incl.pdf>
Package pdftex.def Info: control_8h__dep__incl.pdf  used on input line 22.
(pdftex.def)             Requested size: 350.0pt x 176.66849pt.
 [29] [30] <./control_8h_ae3c1be6c75e99edd3ab89b0d2f6c4b0d_cgraph.pdf>
<control_8h_ae3c1be6c75e99edd3ab89b0d2f6c4b0d_cgraph.pdf, id=2271, 321.2pt x 10
0.375pt>
File: control_8h_ae3c1be6c75e99edd3ab89b0d2f6c4b0d_cgraph.pdf Graphic file (typ
e pdf)
<use control_8h_ae3c1be6c75e99edd3ab89b0d2f6c4b0d_cgraph.pdf>
Package pdftex.def Info: control_8h_ae3c1be6c75e99edd3ab89b0d2f6c4b0d_cgraph.pd
f  used on input line 102.
(pdftex.def)             Requested size: 320.0pt x 100.00255pt.

[31] <./control_8h_ae3c1be6c75e99edd3ab89b0d2f6c4b0d_icgraph.pdf

pdfTeX warning: pdflatex (file ./control_8h_ae3c1be6c75e99edd3ab89b0d2f6c4b0d_i
cgraph.pdf): PDF inclusion: multiple pdfs with page group included in a single 
page
>
<control_8h_ae3c1be6c75e99edd3ab89b0d2f6c4b0d_icgraph.pdf, id=2284, 387.4475pt 
x 100.375pt>
File: control_8h_ae3c1be6c75e99edd3ab89b0d2f6c4b0d_icgraph.pdf Graphic file (ty
pe pdf)
<use control_8h_ae3c1be6c75e99edd3ab89b0d2f6c4b0d_icgraph.pdf>
Package pdftex.def Info: control_8h_ae3c1be6c75e99edd3ab89b0d2f6c4b0d_icgraph.p
df  used on input line 109.
(pdftex.def)             Requested size: 350.0pt x 90.67513pt.
 <./control_8h_aa7d41004f6e6355c5dd871a9a8c8a59d_cgraph.pdf

pdfTeX warning: pdflatex (file ./control_8h_aa7d41004f6e6355c5dd871a9a8c8a59d_c
graph.pdf): PDF inclusion: multiple pdfs with page group included in a single p
age
>
<control_8h_aa7d41004f6e6355c5dd871a9a8c8a59d_cgraph.pdf, id=2292, 306.14375pt 
x 100.375pt>
File: control_8h_aa7d41004f6e6355c5dd871a9a8c8a59d_cgraph.pdf Graphic file (typ
e pdf)
<use control_8h_aa7d41004f6e6355c5dd871a9a8c8a59d_cgraph.pdf>
Package pdftex.def Info: control_8h_aa7d41004f6e6355c5dd871a9a8c8a59d_cgraph.pd
f  used on input line 137.
(pdftex.def)             Requested size: 305.0pt x 100.00562pt.
 [32] <./control_8h_aa7d41004f6e6355c5dd871a9a8c8a59d_icgraph.pdf>
<control_8h_aa7d41004f6e6355c5dd871a9a8c8a59d_icgraph.pdf, id=2308, 372.39125pt
 x 100.375pt>
File: control_8h_aa7d41004f6e6355c5dd871a9a8c8a59d_icgraph.pdf Graphic file (ty
pe pdf)
<use control_8h_aa7d41004f6e6355c5dd871a9a8c8a59d_icgraph.pdf>
Package pdftex.def Info: control_8h_aa7d41004f6e6355c5dd871a9a8c8a59d_icgraph.p
df  used on input line 144.
(pdftex.def)             Requested size: 350.0pt x 94.3433pt.
 [33])
(./display_8h.tex <./display_8h__dep__incl.pdf>
<display_8h__dep__incl.pdf, id=2326, 249.93375pt x 212.795pt>
File: display_8h__dep__incl.pdf Graphic file (type pdf)
<use display_8h__dep__incl.pdf>
Package pdftex.def Info: display_8h__dep__incl.pdf  used on input line 12.
(pdftex.def)             Requested size: 249.0pt x 212.00868pt.
 [34]
Underfull \hbox (badness 10000) detected at line 43
[][][]
 []


Overfull \vbox (26.09406pt too high) has occurred while \output is active []


[35] <./display_8h_a01a4e859fcc5ddef923afe9a8a674826_cgraph.pdf

pdfTeX warning: pdflatex (file ./display_8h_a01a4e859fcc5ddef923afe9a8a674826_c
graph.pdf): PDF inclusion: multiple pdfs with page group included in a single p
age
>
<display_8h_a01a4e859fcc5ddef923afe9a8a674826_cgraph.pdf, id=2378, 298.11375pt 
x 100.375pt>
File: display_8h_a01a4e859fcc5ddef923afe9a8a674826_cgraph.pdf Graphic file (typ
e pdf)
<use display_8h_a01a4e859fcc5ddef923afe9a8a674826_cgraph.pdf>
Package pdftex.def Info: display_8h_a01a4e859fcc5ddef923afe9a8a674826_cgraph.pd
f  used on input line 87.
(pdftex.def)             Requested size: 297.0pt x 100.00562pt.
 <./display_8h_a01a4e859fcc5ddef923afe9a8a674826_icgraph.pdf

pdfTeX warning: pdflatex (file ./display_8h_a01a4e859fcc5ddef923afe9a8a674826_i
cgraph.pdf): PDF inclusion: multiple pdfs with page group included in a single 
page
>
<display_8h_a01a4e859fcc5ddef923afe9a8a674826_icgraph.pdf, id=2386, 460.72125pt
 x 100.375pt>
File: display_8h_a01a4e859fcc5ddef923afe9a8a674826_icgraph.pdf Graphic file (ty
pe pdf)
<use display_8h_a01a4e859fcc5ddef923afe9a8a674826_icgraph.pdf>
Package pdftex.def Info: display_8h_a01a4e859fcc5ddef923afe9a8a674826_icgraph.p
df  used on input line 94.
(pdftex.def)             Requested size: 350.0pt x 76.25208pt.
 <./display_8h_aa45d316f5e50fa968e686d790d57457b_icgraph.pdf

pdfTeX warning: pdflatex (file ./display_8h_aa45d316f5e50fa968e686d790d57457b_i
cgraph.pdf): PDF inclusion: multiple pdfs with page group included in a single 
page
>
<display_8h_aa45d316f5e50fa968e686d790d57457b_icgraph.pdf, id=2395, 630.355pt x
 100.375pt>
File: display_8h_aa45d316f5e50fa968e686d790d57457b_icgraph.pdf Graphic file (ty
pe pdf)
<use display_8h_aa45d316f5e50fa968e686d790d57457b_icgraph.pdf>
Package pdftex.def Info: display_8h_aa45d316f5e50fa968e686d790d57457b_icgraph.p
df  used on input line 131.
(pdftex.def)             Requested size: 350.0pt x 55.73328pt.
 [36] <./display_8h_a298532c4740f2a6785e5c1b0ff7fea9a_icgraph.pdf>
<display_8h_a298532c4740f2a6785e5c1b0ff7fea9a_icgraph.pdf, id=2413, 656.4525pt 
x 100.375pt>
File: display_8h_a298532c4740f2a6785e5c1b0ff7fea9a_icgraph.pdf Graphic file (ty
pe pdf)
<use display_8h_a298532c4740f2a6785e5c1b0ff7fea9a_icgraph.pdf>
Package pdftex.def Info: display_8h_a298532c4740f2a6785e5c1b0ff7fea9a_icgraph.p
df  used on input line 164.
(pdftex.def)             Requested size: 350.0pt x 53.51706pt.
 [37] <./display_8h_a5c07cb2dc1adb076383bced84f4a8154_icgraph.pdf>
<display_8h_a5c07cb2dc1adb076383bced84f4a8154_icgraph.pdf, id=2434, 602.25pt x 
100.375pt>
File: display_8h_a5c07cb2dc1adb076383bced84f4a8154_icgraph.pdf Graphic file (ty
pe pdf)
<use display_8h_a5c07cb2dc1adb076383bced84f4a8154_icgraph.pdf>
Package pdftex.def Info: display_8h_a5c07cb2dc1adb076383bced84f4a8154_icgraph.p
df  used on input line 211.
(pdftex.def)             Requested size: 350.0pt x 58.33546pt.
 <./display_8h_acd5437d29ba24cfc00dbd2f9f6b0cd28_cgraph.pdf

pdfTeX warning: pdflatex (file ./display_8h_acd5437d29ba24cfc00dbd2f9f6b0cd28_c
graph.pdf): PDF inclusion: multiple pdfs with page group included in a single p
age
>
<display_8h_acd5437d29ba24cfc00dbd2f9f6b0cd28_cgraph.pdf, id=2443, 337.26pt x 1
76.66pt>
File: display_8h_acd5437d29ba24cfc00dbd2f9f6b0cd28_cgraph.pdf Graphic file (typ
e pdf)
<use display_8h_acd5437d29ba24cfc00dbd2f9f6b0cd28_cgraph.pdf>
Package pdftex.def Info: display_8h_acd5437d29ba24cfc00dbd2f9f6b0cd28_cgraph.pd
f  used on input line 232.
(pdftex.def)             Requested size: 336.0pt x 176.00452pt.
 [38] <./display_8h_acd5437d29ba24cfc00dbd2f9f6b0cd28_icgraph.pdf>
<display_8h_acd5437d29ba24cfc00dbd2f9f6b0cd28_icgraph.pdf, id=2459, 497.86pt x 
100.375pt>
File: display_8h_acd5437d29ba24cfc00dbd2f9f6b0cd28_icgraph.pdf Graphic file (ty
pe pdf)
<use display_8h_acd5437d29ba24cfc00dbd2f9f6b0cd28_icgraph.pdf>
Package pdftex.def Info: display_8h_acd5437d29ba24cfc00dbd2f9f6b0cd28_icgraph.p
df  used on input line 239.
(pdftex.def)             Requested size: 350.0pt x 70.56526pt.
 <./display_8h_a92e08b949df5d8a8e5edec1dd86bc360_icgraph.pdf

pdfTeX warning: pdflatex (file ./display_8h_a92e08b949df5d8a8e5edec1dd86bc360_i
cgraph.pdf): PDF inclusion: multiple pdfs with page group included in a single 
page
>
<display_8h_a92e08b949df5d8a8e5edec1dd86bc360_icgraph.pdf, id=2467, 470.75874pt
 x 100.375pt>
File: display_8h_a92e08b949df5d8a8e5edec1dd86bc360_icgraph.pdf Graphic file (ty
pe pdf)
<use display_8h_a92e08b949df5d8a8e5edec1dd86bc360_icgraph.pdf>
Package pdftex.def Info: display_8h_a92e08b949df5d8a8e5edec1dd86bc360_icgraph.p
df  used on input line 258.
(pdftex.def)             Requested size: 350.0pt x 74.62706pt.
 [39] <./display_8h_a2d077fa92b741d504d6ef5c5f2fdd74c_icgraph.pdf>
<display_8h_a2d077fa92b741d504d6ef5c5f2fdd74c_icgraph.pdf, id=2485, 492.84125pt
 x 100.375pt>
File: display_8h_a2d077fa92b741d504d6ef5c5f2fdd74c_icgraph.pdf Graphic file (ty
pe pdf)
<use display_8h_a2d077fa92b741d504d6ef5c5f2fdd74c_icgraph.pdf>
Package pdftex.def Info: display_8h_a2d077fa92b741d504d6ef5c5f2fdd74c_icgraph.p
df  used on input line 291.
(pdftex.def)             Requested size: 350.0pt x 71.28664pt.
 <./display_8h_aa2eb9ba074b23fc3b4a91c98e0c83c8b_cgraph.pdf

pdfTeX warning: pdflatex (file ./display_8h_aa2eb9ba074b23fc3b4a91c98e0c83c8b_c
graph.pdf): PDF inclusion: multiple pdfs with page group included in a single p
age
>
<display_8h_aa2eb9ba074b23fc3b4a91c98e0c83c8b_cgraph.pdf, id=2493, 464.73625pt 
x 252.945pt>
File: display_8h_aa2eb9ba074b23fc3b4a91c98e0c83c8b_cgraph.pdf Graphic file (typ
e pdf)
<use display_8h_aa2eb9ba074b23fc3b4a91c98e0c83c8b_cgraph.pdf>
Package pdftex.def Info: display_8h_aa2eb9ba074b23fc3b4a91c98e0c83c8b_cgraph.pd
f  used on input line 312.
(pdftex.def)             Requested size: 350.0pt x 190.50336pt.
 [40] <./display_8h_aa2eb9ba074b23fc3b4a91c98e0c83c8b_icgraph.pdf>
<display_8h_aa2eb9ba074b23fc3b4a91c98e0c83c8b_icgraph.pdf, id=2509, 363.3575pt 
x 100.375pt>
File: display_8h_aa2eb9ba074b23fc3b4a91c98e0c83c8b_icgraph.pdf Graphic file (ty
pe pdf)
<use display_8h_aa2eb9ba074b23fc3b4a91c98e0c83c8b_icgraph.pdf>
Package pdftex.def Info: display_8h_aa2eb9ba074b23fc3b4a91c98e0c83c8b_icgraph.p
df  used on input line 319.
(pdftex.def)             Requested size: 350.0pt x 96.68817pt.
)
(./globals_8h.tex <./globals_8h__incl.pdf

pdfTeX warning: pdflatex (file ./globals_8h__incl.pdf): PDF inclusion: multiple
 pdfs with page group included in a single page
>
<globals_8h__incl.pdf, id=2517, 320.19624pt x 156.585pt>
File: globals_8h__incl.pdf Graphic file (type pdf)
<use globals_8h__incl.pdf>
Package pdftex.def Info: globals_8h__incl.pdf  used on input line 15.
(pdftex.def)             Requested size: 319.0pt x 156.00162pt.
 <./globals_8h__dep__incl.pdf

pdfTeX warning: pdflatex (file ./globals_8h__dep__incl.pdf): PDF inclusion: mul
tiple pdfs with page group included in a single page
>
<globals_8h__dep__incl.pdf, id=2525, 1211.52625pt x 381.425pt>
File: globals_8h__dep__incl.pdf Graphic file (type pdf)
<use globals_8h__dep__incl.pdf>
Package pdftex.def Info: globals_8h__dep__incl.pdf  used on input line 22.
(pdftex.def)             Requested size: 350.0pt x 110.19136pt.
 [41] [42]
Underfull \hbox (badness 10000) in paragraph at lines 137--138
[]\T1/phv/m/n/10 PERCEPTION[]_[][]DEADLINE, TRAJECTORY[]_[][]DEADLINE, CONTROL[
]_[][]DEADLINE, DISPLAY[]_[][]
 []

[43] [44] [45] [46] [47] [48]
Underfull \hbox (badness 10000) detected at line 422
[][][]
 []

[49] [50]) (./perception_8h.tex [51] <./perception_8h__incl.pdf

pdfTeX warning: pdflatex (file ./perception_8h__incl.pdf): PDF inclusion: multi
ple pdfs with page group included in a single page
>
<perception_8h__incl.pdf, id=2702, 320.19624pt x 212.795pt>
File: perception_8h__incl.pdf Graphic file (type pdf)
<use perception_8h__incl.pdf>
Package pdftex.def Info: perception_8h__incl.pdf  used on input line 14.
(pdftex.def)             Requested size: 319.0pt x 212.0022pt.
 <./perception_8h__dep__incl.pdf

pdfTeX warning: pdflatex (file ./perception_8h__dep__incl.pdf): PDF inclusion: 
multiple pdfs with page group included in a single page
>
<perception_8h__dep__incl.pdf, id=2710, 898.35625pt x 325.215pt>
File: perception_8h__dep__incl.pdf Graphic file (type pdf)
<use perception_8h__dep__incl.pdf>
Package pdftex.def Info: perception_8h__dep__incl.pdf  used on input line 21.
(pdftex.def)             Requested size: 350.0pt x 126.70432pt.
 [52] [53]) (./ptask_8h.tex <./ptask_8h__incl.pdf

pdfTeX warning: pdflatex (file ./ptask_8h__incl.pdf): PDF inclusion: multiple p
dfs with page group included in a single page
>
<ptask_8h__incl.pdf, id=2772, 448.67625pt x 156.585pt>
File: ptask_8h__incl.pdf Graphic file (type pdf)
<use ptask_8h__incl.pdf>
Package pdftex.def Info: ptask_8h__incl.pdf  used on input line 17.
(pdftex.def)             Requested size: 350.0pt x 122.15253pt.
 [54] <./ptask_8h__dep__incl.pdf

pdfTeX warning: pdflatex (file ./ptask_8h__dep__incl.pdf): PDF inclusion: multi
ple pdfs with page group included in a single page
>
<ptask_8h__dep__incl.pdf, id=2784, 322.20375pt x 156.585pt>
File: ptask_8h__dep__incl.pdf Graphic file (type pdf)
<use ptask_8h__dep__incl.pdf>
Package pdftex.def Info: ptask_8h__dep__incl.pdf  used on input line 24.
(pdftex.def)             Requested size: 321.0pt x 156.0064pt.
 [55] [56] [57]
Underfull \hbox (badness 10000) detected at line 154
[][][]
 []


Underfull \hbox (badness 10000) detected at line 157
[][][]
 []


Underfull \hbox (badness 10000) detected at line 160
[][][]
 []

[58] <./ptask_8h_a55744cf37a298cca48b46a38ecd1cbd7_icgraph.pdf

pdfTeX warning: pdflatex (file ./ptask_8h_a55744cf37a298cca48b46a38ecd1cbd7_icg
raph.pdf): PDF inclusion: multiple pdfs with page group included in a single pa
ge
>
<ptask_8h_a55744cf37a298cca48b46a38ecd1cbd7_icgraph.pdf, id=2921, 380.42125pt x
 214.8025pt>
File: ptask_8h_a55744cf37a298cca48b46a38ecd1cbd7_icgraph.pdf Graphic file (type
 pdf)
<use ptask_8h_a55744cf37a298cca48b46a38ecd1cbd7_icgraph.pdf>
Package pdftex.def Info: ptask_8h_a55744cf37a298cca48b46a38ecd1cbd7_icgraph.pdf
  used on input line 236.
(pdftex.def)             Requested size: 350.0pt x 197.63052pt.
 [59] <./ptask_8h_a16dc5b4ee9790f380821701ff6865e90_icgraph.pdf

pdfTeX warning: pdflatex (file ./ptask_8h_a16dc5b4ee9790f380821701ff6865e90_icg
raph.pdf): PDF inclusion: multiple pdfs with page group included in a single pa
ge
>
<ptask_8h_a16dc5b4ee9790f380821701ff6865e90_icgraph.pdf, id=2933, 222.8325pt x 
100.375pt>
File: ptask_8h_a16dc5b4ee9790f380821701ff6865e90_icgraph.pdf Graphic file (type
 pdf)
<use ptask_8h_a16dc5b4ee9790f380821701ff6865e90_icgraph.pdf>
Package pdftex.def Info: ptask_8h_a16dc5b4ee9790f380821701ff6865e90_icgraph.pdf
  used on input line 249.
(pdftex.def)             Requested size: 222.0pt x 100.00102pt.
 [60] <./ptask_8h_a88099c7c946b1d8c34a3717e5d3b8b83_icgraph.pdf>
<ptask_8h_a88099c7c946b1d8c34a3717e5d3b8b83_icgraph.pdf, id=2951, 231.86626pt x
 100.375pt>
File: ptask_8h_a88099c7c946b1d8c34a3717e5d3b8b83_icgraph.pdf Graphic file (type
 pdf)
<use ptask_8h_a88099c7c946b1d8c34a3717e5d3b8b83_icgraph.pdf>
Package pdftex.def Info: ptask_8h_a88099c7c946b1d8c34a3717e5d3b8b83_icgraph.pdf
  used on input line 280.
(pdftex.def)             Requested size: 231.0pt x 100.00255pt.
 [61] <./ptask_8h_ac5a989242ff00476f314f92395f23252_icgraph.pdf>
<ptask_8h_ac5a989242ff00476f314f92395f23252_icgraph.pdf, id=2970, 399.4925pt x 
214.8025pt>
File: ptask_8h_ac5a989242ff00476f314f92395f23252_icgraph.pdf Graphic file (type
 pdf)
<use ptask_8h_ac5a989242ff00476f314f92395f23252_icgraph.pdf>
Package pdftex.def Info: ptask_8h_ac5a989242ff00476f314f92395f23252_icgraph.pdf
  used on input line 341.
(pdftex.def)             Requested size: 350.0pt x 188.20082pt.
 [62] <./ptask_8h_afd8a4ae978d1068cb18f8e5fc03a1f0c_icgraph.pdf

pdfTeX warning: pdflatex (file ./ptask_8h_afd8a4ae978d1068cb18f8e5fc03a1f0c_icg
raph.pdf): PDF inclusion: multiple pdfs with page group included in a single pa
ge
>
<ptask_8h_afd8a4ae978d1068cb18f8e5fc03a1f0c_icgraph.pdf, id=2982, 381.425pt x 2
14.8025pt>
File: ptask_8h_afd8a4ae978d1068cb18f8e5fc03a1f0c_icgraph.pdf Graphic file (type
 pdf)
<use ptask_8h_afd8a4ae978d1068cb18f8e5fc03a1f0c_icgraph.pdf>
Package pdftex.def Info: ptask_8h_afd8a4ae978d1068cb18f8e5fc03a1f0c_icgraph.pdf
  used on input line 354.
(pdftex.def)             Requested size: 350.0pt x 197.11266pt.
 [63] <./ptask_8h_a9142a39d7c9be6b98ce01f0c7541d8f7_icgraph.pdf>
<ptask_8h_a9142a39d7c9be6b98ce01f0c7541d8f7_icgraph.pdf, id=2998, 263.98625pt x
 100.375pt>
File: ptask_8h_a9142a39d7c9be6b98ce01f0c7541d8f7_icgraph.pdf Graphic file (type
 pdf)
<use ptask_8h_a9142a39d7c9be6b98ce01f0c7541d8f7_icgraph.pdf>
Package pdftex.def Info: ptask_8h_a9142a39d7c9be6b98ce01f0c7541d8f7_icgraph.pdf
  used on input line 367.
(pdftex.def)             Requested size: 263.0pt x 100.00562pt.
)
(./tasks_8h.tex <./tasks_8h__incl.pdf

pdfTeX warning: pdflatex (file ./tasks_8h__incl.pdf): PDF inclusion: multiple p
dfs with page group included in a single page
>
<tasks_8h__incl.pdf, id=3009, 390.45876pt x 381.425pt>
File: tasks_8h__incl.pdf Graphic file (type pdf)
<use tasks_8h__incl.pdf>
Package pdftex.def Info: tasks_8h__incl.pdf  used on input line 15.
(pdftex.def)             Requested size: 350.0pt x 341.91742pt.
 [64] <./tasks_8h__dep__incl.pdf>
<tasks_8h__dep__incl.pdf, id=3023, 234.8775pt x 156.585pt>
File: tasks_8h__dep__incl.pdf Graphic file (type pdf)
<use tasks_8h__dep__incl.pdf>
Package pdftex.def Info: tasks_8h__dep__incl.pdf  used on input line 22.
(pdftex.def)             Requested size: 234.0pt x 155.99922pt.
 [65] <./tasks_8h_a91e3918bad881fbf7304d534268de11d_cgraph.pdf>
<tasks_8h_a91e3918bad881fbf7304d534268de11d_cgraph.pdf, id=3043, 434.62375pt x 
291.0875pt>
File: tasks_8h_a91e3918bad881fbf7304d534268de11d_cgraph.pdf Graphic file (type 
pdf)
<use tasks_8h_a91e3918bad881fbf7304d534268de11d_cgraph.pdf>
Package pdftex.def Info: tasks_8h_a91e3918bad881fbf7304d534268de11d_cgraph.pdf 
 used on input line 62.
(pdftex.def)             Requested size: 350.0pt x 234.42487pt.
 <./tasks_8h_a91e3918bad881fbf7304d534268de11d_icgraph.pdf

pdfTeX warning: pdflatex (file ./tasks_8h_a91e3918bad881fbf7304d534268de11d_icg
raph.pdf): PDF inclusion: multiple pdfs with page group included in a single pa
ge
>
<tasks_8h_a91e3918bad881fbf7304d534268de11d_icgraph.pdf, id=3051, 234.8775pt x 
100.375pt>
File: tasks_8h_a91e3918bad881fbf7304d534268de11d_icgraph.pdf Graphic file (type
 pdf)
<use tasks_8h_a91e3918bad881fbf7304d534268de11d_icgraph.pdf>
Package pdftex.def Info: tasks_8h_a91e3918bad881fbf7304d534268de11d_icgraph.pdf
  used on input line 69.
(pdftex.def)             Requested size: 234.0pt x 99.9995pt.
 [66] <./tasks_8h_a16cbac3bef85b555e76fe999965c1b7e_cgraph.pdf>
<tasks_8h_a16cbac3bef85b555e76fe999965c1b7e_cgraph.pdf, id=3070, 598.235pt x 25
2.945pt>
File: tasks_8h_a16cbac3bef85b555e76fe999965c1b7e_cgraph.pdf Graphic file (type 
pdf)
<use tasks_8h_a16cbac3bef85b555e76fe999965c1b7e_cgraph.pdf>
Package pdftex.def Info: tasks_8h_a16cbac3bef85b555e76fe999965c1b7e_cgraph.pdf 
 used on input line 82.
(pdftex.def)             Requested size: 350.0pt x 147.9896pt.
 <./tasks_8h_a16cbac3bef85b555e76fe999965c1b7e_icgraph.pdf

pdfTeX warning: pdflatex (file ./tasks_8h_a16cbac3bef85b555e76fe999965c1b7e_icg
raph.pdf): PDF inclusion: multiple pdfs with page group included in a single pa
ge
>
<tasks_8h_a16cbac3bef85b555e76fe999965c1b7e_icgraph.pdf, id=3078, 235.88126pt x
 100.375pt>
File: tasks_8h_a16cbac3bef85b555e76fe999965c1b7e_icgraph.pdf Graphic file (type
 pdf)
<use tasks_8h_a16cbac3bef85b555e76fe999965c1b7e_icgraph.pdf>
Package pdftex.def Info: tasks_8h_a16cbac3bef85b555e76fe999965c1b7e_icgraph.pdf
  used on input line 89.
(pdftex.def)             Requested size: 235.0pt x 100.00102pt.
 [67] [68]
Underfull \hbox (badness 10000) detected at line 109
[][][]
 []


Underfull \hbox (badness 10000) detected at line 121
[][][]
 []


Underfull \hbox (badness 10000) detected at line 133
[][][]
 []


Underfull \hbox (badness 10000) detected at line 145
[][][]
 []

[69]

Package longtable Warning: Column widths have changed
(longtable)                in table 7.19 on input line 156.


Underfull \hbox (badness 10000) detected at line 157
[][][]
 []


Underfull \hbox (badness 10000) detected at line 160
[][][]
 []


Package longtable Warning: Column widths have changed
(longtable)                in table 7.20 on input line 171.


Underfull \hbox (badness 10000) detected at line 172
[][][]
 []


Underfull \hbox (badness 10000) detected at line 175
[][][]
 []


Package longtable Warning: Column widths have changed
(longtable)                in table 7.21 on input line 186.


Underfull \hbox (badness 10000) detected at line 187
[][][]
 []

[70]
Underfull \hbox (badness 10000) detected at line 190
[][][]
 []


Package longtable Warning: Column widths have changed
(longtable)                in table 7.22 on input line 201.


Underfull \hbox (badness 10000) detected at line 202
[][][]
 []


Underfull \hbox (badness 10000) detected at line 205
[][][]
 []

 <./tasks_8h_a746b11c2b14e499dab89746ee003716d_cgraph.pdf

pdfTeX warning: pdflatex (file ./tasks_8h_a746b11c2b14e499dab89746ee003716d_cgr
aph.pdf): PDF inclusion: multiple pdfs with page group included in a single pag
e
>
<tasks_8h_a746b11c2b14e499dab89746ee003716d_cgraph.pdf, id=3114, 475.7775pt x 2
91.0875pt>
File: tasks_8h_a746b11c2b14e499dab89746ee003716d_cgraph.pdf Graphic file (type 
pdf)
<use tasks_8h_a746b11c2b14e499dab89746ee003716d_cgraph.pdf>
Package pdftex.def Info: tasks_8h_a746b11c2b14e499dab89746ee003716d_cgraph.pdf 
 used on input line 213.
(pdftex.def)             Requested size: 350.0pt x 214.14438pt.
 <./tasks_8h_a746b11c2b14e499dab89746ee003716d_icgraph.pdf

pdfTeX warning: pdflatex (file ./tasks_8h_a746b11c2b14e499dab89746ee003716d_icg
raph.pdf): PDF inclusion: multiple pdfs with page group included in a single pa
ge
>
<tasks_8h_a746b11c2b14e499dab89746ee003716d_icgraph.pdf, id=3122, 252.945pt x 1
00.375pt>
File: tasks_8h_a746b11c2b14e499dab89746ee003716d_icgraph.pdf Graphic file (type
 pdf)
<use tasks_8h_a746b11c2b14e499dab89746ee003716d_icgraph.pdf>
Package pdftex.def Info: tasks_8h_a746b11c2b14e499dab89746ee003716d_icgraph.pdf
  used on input line 220.
(pdftex.def)             Requested size: 252.0pt x 100.00255pt.
 [71] <./tasks_8h_ad095128da13e00a037e732dd25ffcbf6_cgraph.pdf>
<tasks_8h_ad095128da13e00a037e732dd25ffcbf6_cgraph.pdf, id=3138, 318.18875pt x 
252.945pt>
File: tasks_8h_ad095128da13e00a037e732dd25ffcbf6_cgraph.pdf Graphic file (type 
pdf)
<use tasks_8h_ad095128da13e00a037e732dd25ffcbf6_cgraph.pdf>
Package pdftex.def Info: tasks_8h_ad095128da13e00a037e732dd25ffcbf6_cgraph.pdf 
 used on input line 233.
(pdftex.def)             Requested size: 317.0pt x 251.99876pt.
 <./tasks_8h_ad095128da13e00a037e732dd25ffcbf6_icgraph.pdf

pdfTeX warning: pdflatex (file ./tasks_8h_ad095128da13e00a037e732dd25ffcbf6_icg
raph.pdf): PDF inclusion: multiple pdfs with page group included in a single pa
ge
>
<tasks_8h_ad095128da13e00a037e732dd25ffcbf6_icgraph.pdf, id=3146, 247.92625pt x
 100.375pt>
File: tasks_8h_ad095128da13e00a037e732dd25ffcbf6_icgraph.pdf Graphic file (type
 pdf)
<use tasks_8h_ad095128da13e00a037e732dd25ffcbf6_icgraph.pdf>
Package pdftex.def Info: tasks_8h_ad095128da13e00a037e732dd25ffcbf6_icgraph.pdf
  used on input line 240.
(pdftex.def)             Requested size: 247.0pt x 100.00102pt.
) (./trajectory_8h.tex <./trajectory_8h__incl.pdf

pdfTeX warning: pdflatex (file ./trajectory_8h__incl.pdf): PDF inclusion: multi
ple pdfs with page group included in a single page
>
<trajectory_8h__incl.pdf, id=3154, 320.19624pt x 269.005pt>
File: trajectory_8h__incl.pdf Graphic file (type pdf)
<use trajectory_8h__incl.pdf>
Package pdftex.def Info: trajectory_8h__incl.pdf  used on input line 14.
(pdftex.def)             Requested size: 319.0pt x 268.00278pt.
 [72] <./trajectory_8h__dep__incl.pdf>
<trajectory_8h__dep__incl.pdf, id=3170, 555.07375pt x 269.005pt>
File: trajectory_8h__dep__incl.pdf Graphic file (type pdf)
<use trajectory_8h__dep__incl.pdf>
Package pdftex.def Info: trajectory_8h__dep__incl.pdf  used on input line 21.
(pdftex.def)             Requested size: 350.0pt x 169.62181pt.
 [73] <./trajectory_8h_a919f2f0e87ab763cdae69585d089d23d_icgraph.pdf>
<trajectory_8h_a919f2f0e87ab763cdae69585d089d23d_icgraph.pdf, id=3203, 395.4775
pt x 100.375pt>
File: trajectory_8h_a919f2f0e87ab763cdae69585d089d23d_icgraph.pdf Graphic file 
(type pdf)
<use trajectory_8h_a919f2f0e87ab763cdae69585d089d23d_icgraph.pdf>
Package pdftex.def Info: trajectory_8h_a919f2f0e87ab763cdae69585d089d23d_icgrap
h.pdf  used on input line 59.
(pdftex.def)             Requested size: 350.0pt x 88.83415pt.
) (./utilities_8h.tex [74] <./utilities_8h__incl.pdf>
<utilities_8h__incl.pdf, id=3220, 320.19624pt x 269.005pt>
File: utilities_8h__incl.pdf Graphic file (type pdf)
<use utilities_8h__incl.pdf>
Package pdftex.def Info: utilities_8h__incl.pdf  used on input line 14.
(pdftex.def)             Requested size: 319.0pt x 268.00278pt.
 <./utilities_8h__dep__incl.pdf

pdfTeX warning: pdflatex (file ./utilities_8h__dep__incl.pdf): PDF inclusion: m
ultiple pdfs with page group included in a single page
>
<utilities_8h__dep__incl.pdf, id=3228, 327.2225pt x 212.795pt>
File: utilities_8h__dep__incl.pdf Graphic file (type pdf)
<use utilities_8h__dep__incl.pdf>
Package pdftex.def Info: utilities_8h__dep__incl.pdf  used on input line 21.
(pdftex.def)             Requested size: 326.0pt x 211.99895pt.
 [75] <./utilities_8h_a33090597864cdfd30d87ff99c14eeecb_icgraph.pdf>
<utilities_8h_a33090597864cdfd30d87ff99c14eeecb_icgraph.pdf, id=3250, 641.39626
pt x 176.66pt>
File: utilities_8h_a33090597864cdfd30d87ff99c14eeecb_icgraph.pdf Graphic file (
type pdf)
<use utilities_8h_a33090597864cdfd30d87ff99c14eeecb_icgraph.pdf>
Package pdftex.def Info: utilities_8h_a33090597864cdfd30d87ff99c14eeecb_icgraph
.pdf  used on input line 53.
(pdftex.def)             Requested size: 350.0pt x 96.40312pt.
 [76]
Underfull \hbox (badness 10000) detected at line 95
[][][]
 []

[77]
Underfull \hbox (badness 10000) detected at line 145
[][][]
 []

[78]
Underfull \hbox (badness 10000) detected at line 152
[][][]
 []

 <./utilities_8h_a5297509bfed850c9f8cb92b994b7fd75_icgraph.pdf

pdfTeX warning: pdflatex (file ./utilities_8h_a5297509bfed850c9f8cb92b994b7fd75
_icgraph.pdf): PDF inclusion: multiple pdfs with page group included in a singl
e page
>
<utilities_8h_a5297509bfed850c9f8cb92b994b7fd75_icgraph.pdf, id=3289, 435.6275p
t x 100.375pt>
File: utilities_8h_a5297509bfed850c9f8cb92b994b7fd75_icgraph.pdf Graphic file (
type pdf)
<use utilities_8h_a5297509bfed850c9f8cb92b994b7fd75_icgraph.pdf>
Package pdftex.def Info: utilities_8h_a5297509bfed850c9f8cb92b994b7fd75_icgraph
.pdf  used on input line 166.
(pdftex.def)             Requested size: 350.0pt x 80.6447pt.
 <./utilities_8h_a77d50bbb4a4844ce7ddab4a7b3d52d24_icgraph.pdf

pdfTeX warning: pdflatex (file ./utilities_8h_a77d50bbb4a4844ce7ddab4a7b3d52d24
_icgraph.pdf): PDF inclusion: multiple pdfs with page group included in a singl
e page
>
<utilities_8h_a77d50bbb4a4844ce7ddab4a7b3d52d24_icgraph.pdf, id=3298, 490.83376
pt x 100.375pt>
File: utilities_8h_a77d50bbb4a4844ce7ddab4a7b3d52d24_icgraph.pdf Graphic file (
type pdf)
<use utilities_8h_a77d50bbb4a4844ce7ddab4a7b3d52d24_icgraph.pdf>
Package pdftex.def Info: utilities_8h_a77d50bbb4a4844ce7ddab4a7b3d52d24_icgraph
.pdf  used on input line 179.
(pdftex.def)             Requested size: 350.0pt x 71.57611pt.
 <./utilities_8h_a28b6717d007598c8d776ee5b8652be51_icgraph.pdf

pdfTeX warning: pdflatex (file ./utilities_8h_a28b6717d007598c8d776ee5b8652be51
_icgraph.pdf): PDF inclusion: multiple pdfs with page group included in a singl
e page
>
<utilities_8h_a28b6717d007598c8d776ee5b8652be51_icgraph.pdf, id=3306, 344.28625
pt x 214.8025pt>
File: utilities_8h_a28b6717d007598c8d776ee5b8652be51_icgraph.pdf Graphic file (
type pdf)
<use utilities_8h_a28b6717d007598c8d776ee5b8652be51_icgraph.pdf>
Package pdftex.def Info: utilities_8h_a28b6717d007598c8d776ee5b8652be51_icgraph
.pdf  used on input line 192.
(pdftex.def)             Requested size: 343.0pt x 214.00223pt.
) (./vehicle_8h.tex [79] <./vehicle_8h__dep__incl.pdf>
<vehicle_8h__dep__incl.pdf, id=3322, 425.59pt x 156.585pt>
File: vehicle_8h__dep__incl.pdf Graphic file (type pdf)
<use vehicle_8h__dep__incl.pdf>
Package pdftex.def Info: vehicle_8h__dep__incl.pdf  used on input line 7.
(pdftex.def)             Requested size: 350.0pt x 128.78041pt.
) (./readme_8md.tex)
(./control_8c.tex <./control_8c__incl.pdf

pdfTeX warning: pdflatex (file ./control_8c__incl.pdf): PDF inclusion: multiple
 pdfs with page group included in a single page
>
<control_8c__incl.pdf, id=3336, 529.98pt x 381.425pt>
File: control_8c__incl.pdf Graphic file (type pdf)
<use control_8c__incl.pdf>
Package pdftex.def Info: control_8c__incl.pdf  used on input line 20.
(pdftex.def)             Requested size: 350.0pt x 251.8984pt.
 [80] [81]
Overfull \vbox (50.7444pt too high) has occurred while \output is active []


[82] <./control_8c_aa7f0354fe7078dc6c93c9443ab06623c_cgraph.pdf

pdfTeX warning: pdflatex (file ./control_8c_aa7f0354fe7078dc6c93c9443ab06623c_c
graph.pdf): PDF inclusion: multiple pdfs with page group included in a single p
age
>
<control_8c_aa7f0354fe7078dc6c93c9443ab06623c_cgraph.pdf, id=3381, 321.2pt x 10
0.375pt>
File: control_8c_aa7f0354fe7078dc6c93c9443ab06623c_cgraph.pdf Graphic file (typ
e pdf)
<use control_8c_aa7f0354fe7078dc6c93c9443ab06623c_cgraph.pdf>
Package pdftex.def Info: control_8c_aa7f0354fe7078dc6c93c9443ab06623c_cgraph.pd
f  used on input line 87.
(pdftex.def)             Requested size: 320.0pt x 100.00255pt.
 <./control_8c_aa7f0354fe7078dc6c93c9443ab06623c_icgraph.pdf

pdfTeX warning: pdflatex (file ./control_8c_aa7f0354fe7078dc6c93c9443ab06623c_i
cgraph.pdf): PDF inclusion: multiple pdfs with page group included in a single 
page
>
<control_8c_aa7f0354fe7078dc6c93c9443ab06623c_icgraph.pdf, id=3389, 387.4475pt 
x 100.375pt>
File: control_8c_aa7f0354fe7078dc6c93c9443ab06623c_icgraph.pdf Graphic file (ty
pe pdf)
<use control_8c_aa7f0354fe7078dc6c93c9443ab06623c_icgraph.pdf>
Package pdftex.def Info: control_8c_aa7f0354fe7078dc6c93c9443ab06623c_icgraph.p
df  used on input line 94.
(pdftex.def)             Requested size: 350.0pt x 90.67513pt.
 <./control_8c_aa7d41004f6e6355c5dd871a9a8c8a59d_cgraph.pdf

pdfTeX warning: pdflatex (file ./control_8c_aa7d41004f6e6355c5dd871a9a8c8a59d_c
graph.pdf): PDF inclusion: multiple pdfs with page group included in a single p
age
>
<control_8c_aa7d41004f6e6355c5dd871a9a8c8a59d_cgraph.pdf, id=3398, 306.14375pt 
x 100.375pt>
File: control_8c_aa7d41004f6e6355c5dd871a9a8c8a59d_cgraph.pdf Graphic file (typ
e pdf)
<use control_8c_aa7d41004f6e6355c5dd871a9a8c8a59d_cgraph.pdf>
Package pdftex.def Info: control_8c_aa7d41004f6e6355c5dd871a9a8c8a59d_cgraph.pd
f  used on input line 122.
(pdftex.def)             Requested size: 305.0pt x 100.00562pt.
 [83] <./control_8c_aa7d41004f6e6355c5dd871a9a8c8a59d_icgraph.pdf>
<control_8c_aa7d41004f6e6355c5dd871a9a8c8a59d_icgraph.pdf, id=3414, 372.39125pt
 x 100.375pt>
File: control_8c_aa7d41004f6e6355c5dd871a9a8c8a59d_icgraph.pdf Graphic file (ty
pe pdf)
<use control_8c_aa7d41004f6e6355c5dd871a9a8c8a59d_icgraph.pdf>
Package pdftex.def Info: control_8c_aa7d41004f6e6355c5dd871a9a8c8a59d_icgraph.p
df  used on input line 129.
(pdftex.def)             Requested size: 350.0pt x 94.3433pt.
 [84])
(./display_8c.tex <./display_8c__incl.pdf>
<display_8c__incl.pdf, id=3430, 522.95375pt x 381.425pt>
File: display_8c__incl.pdf Graphic file (type pdf)
<use display_8c__incl.pdf>
Package pdftex.def Info: display_8c__incl.pdf  used on input line 21.
(pdftex.def)             Requested size: 350.0pt x 255.27986pt.
 [85]
Overfull \vbox (38.04057pt too high) has occurred while \output is active []


[86] <./display_8c_a01a4e859fcc5ddef923afe9a8a674826_cgraph.pdf

pdfTeX warning: pdflatex (file ./display_8c_a01a4e859fcc5ddef923afe9a8a674826_c
graph.pdf): PDF inclusion: multiple pdfs with page group included in a single p
age
>
<display_8c_a01a4e859fcc5ddef923afe9a8a674826_cgraph.pdf, id=3483, 298.11375pt 
x 100.375pt>
File: display_8c_a01a4e859fcc5ddef923afe9a8a674826_cgraph.pdf Graphic file (typ
e pdf)
<use display_8c_a01a4e859fcc5ddef923afe9a8a674826_cgraph.pdf>
Package pdftex.def Info: display_8c_a01a4e859fcc5ddef923afe9a8a674826_cgraph.pd
f  used on input line 82.
(pdftex.def)             Requested size: 297.0pt x 100.00562pt.
 <./display_8c_a01a4e859fcc5ddef923afe9a8a674826_icgraph.pdf

pdfTeX warning: pdflatex (file ./display_8c_a01a4e859fcc5ddef923afe9a8a674826_i
cgraph.pdf): PDF inclusion: multiple pdfs with page group included in a single 
page
>
<display_8c_a01a4e859fcc5ddef923afe9a8a674826_icgraph.pdf, id=3491, 460.72125pt
 x 100.375pt>
File: display_8c_a01a4e859fcc5ddef923afe9a8a674826_icgraph.pdf Graphic file (ty
pe pdf)
<use display_8c_a01a4e859fcc5ddef923afe9a8a674826_icgraph.pdf>
Package pdftex.def Info: display_8c_a01a4e859fcc5ddef923afe9a8a674826_icgraph.p
df  used on input line 89.
(pdftex.def)             Requested size: 350.0pt x 76.25208pt.
 <./display_8c_aa45d316f5e50fa968e686d790d57457b_icgraph.pdf

pdfTeX warning: pdflatex (file ./display_8c_aa45d316f5e50fa968e686d790d57457b_i
cgraph.pdf): PDF inclusion: multiple pdfs with page group included in a single 
page
>
<display_8c_aa45d316f5e50fa968e686d790d57457b_icgraph.pdf, id=3500, 630.355pt x
 100.375pt>
File: display_8c_aa45d316f5e50fa968e686d790d57457b_icgraph.pdf Graphic file (ty
pe pdf)
<use display_8c_aa45d316f5e50fa968e686d790d57457b_icgraph.pdf>
Package pdftex.def Info: display_8c_aa45d316f5e50fa968e686d790d57457b_icgraph.p
df  used on input line 117.
(pdftex.def)             Requested size: 350.0pt x 55.73328pt.
 [87] <./display_8c_a385702fb79f2c451da015c3147f80515_cgraph.pdf>
<display_8c_a385702fb79f2c451da015c3147f80515_cgraph.pdf, id=3519, 322.20375pt 
x 100.375pt>
File: display_8c_a385702fb79f2c451da015c3147f80515_cgraph.pdf Graphic file (typ
e pdf)
<use display_8c_a385702fb79f2c451da015c3147f80515_cgraph.pdf>
Package pdftex.def Info: display_8c_a385702fb79f2c451da015c3147f80515_cgraph.pd
f  used on input line 134.
(pdftex.def)             Requested size: 321.0pt x 100.00409pt.
 <./display_8c_a385702fb79f2c451da015c3147f80515_icgraph.pdf

pdfTeX warning: pdflatex (file ./display_8c_a385702fb79f2c451da015c3147f80515_i
cgraph.pdf): PDF inclusion: multiple pdfs with page group included in a single 
page
>
<display_8c_a385702fb79f2c451da015c3147f80515_icgraph.pdf, id=3527, 484.81125pt
 x 100.375pt>
File: display_8c_a385702fb79f2c451da015c3147f80515_icgraph.pdf Graphic file (ty
pe pdf)
<use display_8c_a385702fb79f2c451da015c3147f80515_icgraph.pdf>
Package pdftex.def Info: display_8c_a385702fb79f2c451da015c3147f80515_icgraph.p
df  used on input line 141.
(pdftex.def)             Requested size: 350.0pt x 72.4675pt.
 <./display_8c_a298532c4740f2a6785e5c1b0ff7fea9a_icgraph.pdf

pdfTeX warning: pdflatex (file ./display_8c_a298532c4740f2a6785e5c1b0ff7fea9a_i
cgraph.pdf): PDF inclusion: multiple pdfs with page group included in a single 
page
>
<display_8c_a298532c4740f2a6785e5c1b0ff7fea9a_icgraph.pdf, id=3536, 656.4525pt 
x 100.375pt>
File: display_8c_a298532c4740f2a6785e5c1b0ff7fea9a_icgraph.pdf Graphic file (ty
pe pdf)
<use display_8c_a298532c4740f2a6785e5c1b0ff7fea9a_icgraph.pdf>
Package pdftex.def Info: display_8c_a298532c4740f2a6785e5c1b0ff7fea9a_icgraph.p
df  used on input line 167.
(pdftex.def)             Requested size: 350.0pt x 53.51706pt.
 [88] <./display_8c_a5c07cb2dc1adb076383bced84f4a8154_icgraph.pdf>
<display_8c_a5c07cb2dc1adb076383bced84f4a8154_icgraph.pdf, id=3553, 602.25pt x 
100.375pt>
File: display_8c_a5c07cb2dc1adb076383bced84f4a8154_icgraph.pdf Graphic file (ty
pe pdf)
<use display_8c_a5c07cb2dc1adb076383bced84f4a8154_icgraph.pdf>
Package pdftex.def Info: display_8c_a5c07cb2dc1adb076383bced84f4a8154_icgraph.p
df  used on input line 205.
(pdftex.def)             Requested size: 350.0pt x 58.33546pt.
 [89] <./display_8c_acd5437d29ba24cfc00dbd2f9f6b0cd28_cgraph.pdf>
<display_8c_acd5437d29ba24cfc00dbd2f9f6b0cd28_cgraph.pdf, id=3569, 337.26pt x 1
76.66pt>
File: display_8c_acd5437d29ba24cfc00dbd2f9f6b0cd28_cgraph.pdf Graphic file (typ
e pdf)
<use display_8c_acd5437d29ba24cfc00dbd2f9f6b0cd28_cgraph.pdf>
Package pdftex.def Info: display_8c_acd5437d29ba24cfc00dbd2f9f6b0cd28_cgraph.pd
f  used on input line 224.
(pdftex.def)             Requested size: 336.0pt x 176.00452pt.
 <./display_8c_acd5437d29ba24cfc00dbd2f9f6b0cd28_icgraph.pdf

pdfTeX warning: pdflatex (file ./display_8c_acd5437d29ba24cfc00dbd2f9f6b0cd28_i
cgraph.pdf): PDF inclusion: multiple pdfs with page group included in a single 
page
>
<display_8c_acd5437d29ba24cfc00dbd2f9f6b0cd28_icgraph.pdf, id=3577, 497.86pt x 
100.375pt>
File: display_8c_acd5437d29ba24cfc00dbd2f9f6b0cd28_icgraph.pdf Graphic file (ty
pe pdf)
<use display_8c_acd5437d29ba24cfc00dbd2f9f6b0cd28_icgraph.pdf>
Package pdftex.def Info: display_8c_acd5437d29ba24cfc00dbd2f9f6b0cd28_icgraph.p
df  used on input line 231.
(pdftex.def)             Requested size: 350.0pt x 70.56526pt.
 <./display_8c_a92e08b949df5d8a8e5edec1dd86bc360_icgraph.pdf

pdfTeX warning: pdflatex (file ./display_8c_a92e08b949df5d8a8e5edec1dd86bc360_i
cgraph.pdf): PDF inclusion: multiple pdfs with page group included in a single 
page
>
<display_8c_a92e08b949df5d8a8e5edec1dd86bc360_icgraph.pdf, id=3585, 470.75874pt
 x 100.375pt>
File: display_8c_a92e08b949df5d8a8e5edec1dd86bc360_icgraph.pdf Graphic file (ty
pe pdf)
<use display_8c_a92e08b949df5d8a8e5edec1dd86bc360_icgraph.pdf>
Package pdftex.def Info: display_8c_a92e08b949df5d8a8e5edec1dd86bc360_icgraph.p
df  used on input line 248.
(pdftex.def)             Requested size: 350.0pt x 74.62706pt.
 [90] <./display_8c_a2d077fa92b741d504d6ef5c5f2fdd74c_icgraph.pdf>
<display_8c_a2d077fa92b741d504d6ef5c5f2fdd74c_icgraph.pdf, id=3602, 492.84125pt
 x 100.375pt>
File: display_8c_a2d077fa92b741d504d6ef5c5f2fdd74c_icgraph.pdf Graphic file (ty
pe pdf)
<use display_8c_a2d077fa92b741d504d6ef5c5f2fdd74c_icgraph.pdf>
Package pdftex.def Info: display_8c_a2d077fa92b741d504d6ef5c5f2fdd74c_icgraph.p
df  used on input line 274.
(pdftex.def)             Requested size: 350.0pt x 71.28664pt.
 <./display_8c_aa2eb9ba074b23fc3b4a91c98e0c83c8b_cgraph.pdf

pdfTeX warning: pdflatex (file ./display_8c_aa2eb9ba074b23fc3b4a91c98e0c83c8b_c
graph.pdf): PDF inclusion: multiple pdfs with page group included in a single p
age
>
<display_8c_aa2eb9ba074b23fc3b4a91c98e0c83c8b_cgraph.pdf, id=3610, 464.73625pt 
x 252.945pt>
File: display_8c_aa2eb9ba074b23fc3b4a91c98e0c83c8b_cgraph.pdf Graphic file (typ
e pdf)
<use display_8c_aa2eb9ba074b23fc3b4a91c98e0c83c8b_cgraph.pdf>
Package pdftex.def Info: display_8c_aa2eb9ba074b23fc3b4a91c98e0c83c8b_cgraph.pd
f  used on input line 293.
(pdftex.def)             Requested size: 350.0pt x 190.50336pt.
 <./display_8c_aa2eb9ba074b23fc3b4a91c98e0c83c8b_icgraph.pdf

pdfTeX warning: pdflatex (file ./display_8c_aa2eb9ba074b23fc3b4a91c98e0c83c8b_i
cgraph.pdf): PDF inclusion: multiple pdfs with page group included in a single 
page
>
<display_8c_aa2eb9ba074b23fc3b4a91c98e0c83c8b_icgraph.pdf, id=3618, 363.3575pt 
x 100.375pt>
File: display_8c_aa2eb9ba074b23fc3b4a91c98e0c83c8b_icgraph.pdf Graphic file (ty
pe pdf)
<use display_8c_aa2eb9ba074b23fc3b4a91c98e0c83c8b_icgraph.pdf>
Package pdftex.def Info: display_8c_aa2eb9ba074b23fc3b4a91c98e0c83c8b_icgraph.p
df  used on input line 300.
(pdftex.def)             Requested size: 350.0pt x 96.68817pt.
) (./globals_8c.tex [91] <./globals_8c__incl.pdf>
<globals_8c__incl.pdf, id=3634, 320.19624pt x 212.795pt>
File: globals_8c__incl.pdf Graphic file (type pdf)
<use globals_8c__incl.pdf>
Package pdftex.def Info: globals_8c__incl.pdf  used on input line 13.
(pdftex.def)             Requested size: 319.0pt x 212.0022pt.
 [92] [93] [94]
Underfull \hbox (badness 10000) detected at line 189
[][][]
 []

[95] [96]) (./main_8c.tex [97] <./main_8c__incl.pdf

pdfTeX warning: pdflatex (file ./main_8c__incl.pdf): PDF inclusion: multiple pd
fs with page group included in a single page
>
<main_8c__incl.pdf, id=3720, 710.655pt x 437.635pt>
File: main_8c__incl.pdf Graphic file (type pdf)
<use main_8c__incl.pdf>
Package pdftex.def Info: main_8c__incl.pdf  used on input line 23.
(pdftex.def)             Requested size: 350.0pt x 215.54485pt.
 [98] <./main_8c_a56e75a6913a3cb4da05b9f7d02116e7a_icgraph.pdf>
<main_8c_a56e75a6913a3cb4da05b9f7d02116e7a_icgraph.pdf, id=3748, 228.855pt x 10
0.375pt>
File: main_8c_a56e75a6913a3cb4da05b9f7d02116e7a_icgraph.pdf Graphic file (type 
pdf)
<use main_8c_a56e75a6913a3cb4da05b9f7d02116e7a_icgraph.pdf>
Package pdftex.def Info: main_8c_a56e75a6913a3cb4da05b9f7d02116e7a_icgraph.pdf 
 used on input line 80.
(pdftex.def)             Requested size: 228.0pt x 100.00409pt.
 <./main_8c_a6ba20fd6daf4d6ab1e47675b3c1f1ca6_cgraph.pdf

pdfTeX warning: pdflatex (file ./main_8c_a6ba20fd6daf4d6ab1e47675b3c1f1ca6_cgra
ph.pdf): PDF inclusion: multiple pdfs with page group included in a single page

>
<main_8c_a6ba20fd6daf4d6ab1e47675b3c1f1ca6_cgraph.pdf, id=3756, 462.72874pt x 2
52.945pt>
File: main_8c_a6ba20fd6daf4d6ab1e47675b3c1f1ca6_cgraph.pdf Graphic file (type p
df)
<use main_8c_a6ba20fd6daf4d6ab1e47675b3c1f1ca6_cgraph.pdf>
Package pdftex.def Info: main_8c_a6ba20fd6daf4d6ab1e47675b3c1f1ca6_cgraph.pdf  
used on input line 93.
(pdftex.def)             Requested size: 350.0pt x 191.32545pt.
 [99] <./main_8c_a6ba20fd6daf4d6ab1e47675b3c1f1ca6_icgraph.pdf>
<main_8c_a6ba20fd6daf4d6ab1e47675b3c1f1ca6_icgraph.pdf, id=3786, 234.8775pt x 1
00.375pt>
File: main_8c_a6ba20fd6daf4d6ab1e47675b3c1f1ca6_icgraph.pdf Graphic file (type 
pdf)
<use main_8c_a6ba20fd6daf4d6ab1e47675b3c1f1ca6_icgraph.pdf>
Package pdftex.def Info: main_8c_a6ba20fd6daf4d6ab1e47675b3c1f1ca6_icgraph.pdf 
 used on input line 100.
(pdftex.def)             Requested size: 234.0pt x 99.9995pt.
 <./main_8c_a7cb642cbefeb5eca23c4a56384ce8b6b_icgraph.pdf

pdfTeX warning: pdflatex (file ./main_8c_a7cb642cbefeb5eca23c4a56384ce8b6b_icgr
aph.pdf): PDF inclusion: multiple pdfs with page group included in a single pag
e
>
<main_8c_a7cb642cbefeb5eca23c4a56384ce8b6b_icgraph.pdf, id=3794, 324.21124pt x 
100.375pt>
File: main_8c_a7cb642cbefeb5eca23c4a56384ce8b6b_icgraph.pdf Graphic file (type 
pdf)
<use main_8c_a7cb642cbefeb5eca23c4a56384ce8b6b_icgraph.pdf>
Package pdftex.def Info: main_8c_a7cb642cbefeb5eca23c4a56384ce8b6b_icgraph.pdf 
 used on input line 113.
(pdftex.def)             Requested size: 323.0pt x 100.00562pt.
 [100] <./main_8c_a8a4df149a98808357f97ece821bc653a_icgraph.pdf>
<main_8c_a8a4df149a98808357f97ece821bc653a_icgraph.pdf, id=3810, 360.34625pt x 
100.375pt>
File: main_8c_a8a4df149a98808357f97ece821bc653a_icgraph.pdf Graphic file (type 
pdf)
<use main_8c_a8a4df149a98808357f97ece821bc653a_icgraph.pdf>
Package pdftex.def Info: main_8c_a8a4df149a98808357f97ece821bc653a_icgraph.pdf 
 used on input line 126.
(pdftex.def)             Requested size: 350.0pt x 97.49226pt.
 <./main_8c_a7f21658ab78ff07401a1c66eba62c0dd_cgraph.pdf

pdfTeX warning: pdflatex (file ./main_8c_a7f21658ab78ff07401a1c66eba62c0dd_cgra
ph.pdf): PDF inclusion: multiple pdfs with page group included in a single page

>
<main_8c_a7f21658ab78ff07401a1c66eba62c0dd_cgraph.pdf, id=3818, 300.12125pt x 1
38.5175pt>
File: main_8c_a7f21658ab78ff07401a1c66eba62c0dd_cgraph.pdf Graphic file (type p
df)
<use main_8c_a7f21658ab78ff07401a1c66eba62c0dd_cgraph.pdf>
Package pdftex.def Info: main_8c_a7f21658ab78ff07401a1c66eba62c0dd_cgraph.pdf  
used on input line 139.
(pdftex.def)             Requested size: 299.0pt x 138.012pt.
 <./main_8c_a7f21658ab78ff07401a1c66eba62c0dd_icgraph.pdf

pdfTeX warning: pdflatex (file ./main_8c_a7f21658ab78ff07401a1c66eba62c0dd_icgr
aph.pdf): PDF inclusion: multiple pdfs with page group included in a single pag
e
>
<main_8c_a7f21658ab78ff07401a1c66eba62c0dd_icgraph.pdf, id=3826, 333.245pt x 10
0.375pt>
File: main_8c_a7f21658ab78ff07401a1c66eba62c0dd_icgraph.pdf Graphic file (type 
pdf)
<use main_8c_a7f21658ab78ff07401a1c66eba62c0dd_icgraph.pdf>
Package pdftex.def Info: main_8c_a7f21658ab78ff07401a1c66eba62c0dd_icgraph.pdf 
 used on input line 146.
(pdftex.def)             Requested size: 332.0pt x 100.00716pt.
 <./main_8c_af157d4a7f2f1670050ead305cbe70248_icgraph.pdf

pdfTeX warning: pdflatex (file ./main_8c_af157d4a7f2f1670050ead305cbe70248_icgr
aph.pdf): PDF inclusion: multiple pdfs with page group included in a single pag
e
>
<main_8c_af157d4a7f2f1670050ead305cbe70248_icgraph.pdf, id=3834, 356.33125pt x 
100.375pt>
File: main_8c_af157d4a7f2f1670050ead305cbe70248_icgraph.pdf Graphic file (type 
pdf)
<use main_8c_af157d4a7f2f1670050ead305cbe70248_icgraph.pdf>
Package pdftex.def Info: main_8c_af157d4a7f2f1670050ead305cbe70248_icgraph.pdf 
 used on input line 159.
(pdftex.def)             Requested size: 350.0pt x 98.59502pt.
 [101] <./main_8c_a632e1b0925c0e3555aa4bfda0ebf5375_icgraph.pdf>
<main_8c_a632e1b0925c0e3555aa4bfda0ebf5375_icgraph.pdf, id=3851, 382.42876pt x 
100.375pt>
File: main_8c_a632e1b0925c0e3555aa4bfda0ebf5375_icgraph.pdf Graphic file (type 
pdf)
<use main_8c_a632e1b0925c0e3555aa4bfda0ebf5375_icgraph.pdf>
Package pdftex.def Info: main_8c_a632e1b0925c0e3555aa4bfda0ebf5375_icgraph.pdf 
 used on input line 172.
(pdftex.def)             Requested size: 350.0pt x 91.86824pt.
 <./main_8c_a840291bc02cba5474a4cb46a9b9566fe_cgraph.pdf

pdfTeX warning: pdflatex (file ./main_8c_a840291bc02cba5474a4cb46a9b9566fe_cgra
ph.pdf): PDF inclusion: multiple pdfs with page group included in a single page

>
<main_8c_a840291bc02cba5474a4cb46a9b9566fe_cgraph.pdf, id=3859, 732.7375pt x 65
8.46pt>
File: main_8c_a840291bc02cba5474a4cb46a9b9566fe_cgraph.pdf Graphic file (type p
df)
<use main_8c_a840291bc02cba5474a4cb46a9b9566fe_cgraph.pdf>
Package pdftex.def Info: main_8c_a840291bc02cba5474a4cb46a9b9566fe_cgraph.pdf  
used on input line 186.
(pdftex.def)             Requested size: 350.0pt x 314.51997pt.
 [102] <./main_8c_a10da25e92e69613be93d099bb029feb2_cgraph.pdf>
<main_8c_a10da25e92e69613be93d099bb029feb2_cgraph.pdf, id=3874, 325.215pt x 100
.375pt>
File: main_8c_a10da25e92e69613be93d099bb029feb2_cgraph.pdf Graphic file (type p
df)
<use main_8c_a10da25e92e69613be93d099bb029feb2_cgraph.pdf>
Package pdftex.def Info: main_8c_a10da25e92e69613be93d099bb029feb2_cgraph.pdf  
used on input line 199.
(pdftex.def)             Requested size: 324.0pt x 100.00716pt.
 <./main_8c_a10da25e92e69613be93d099bb029feb2_icgraph.pdf

pdfTeX warning: pdflatex (file ./main_8c_a10da25e92e69613be93d099bb029feb2_icgr
aph.pdf): PDF inclusion: multiple pdfs with page group included in a single pag
e
>
<main_8c_a10da25e92e69613be93d099bb029feb2_icgraph.pdf, id=3882, 245.91875pt x 
100.375pt>
File: main_8c_a10da25e92e69613be93d099bb029feb2_icgraph.pdf Graphic file (type 
pdf)
<use main_8c_a10da25e92e69613be93d099bb029feb2_icgraph.pdf>
Package pdftex.def Info: main_8c_a10da25e92e69613be93d099bb029feb2_icgraph.pdf 
 used on input line 206.
(pdftex.def)             Requested size: 245.0pt x 100.00409pt.
 [103] [104]
Underfull \hbox (badness 10000) detected at line 256
[][][]
 []


Underfull \hbox (badness 10000) detected at line 263
[][][]
 []


Underfull \hbox (badness 10000) detected at line 270
[][][]
 []


Underfull \hbox (badness 10000) detected at line 277
[][][]
 []


Underfull \hbox (badness 10000) detected at line 284
[][][]
 []


Underfull \hbox (badness 10000) detected at line 291
[][][]
 []

[105]
Underfull \hbox (badness 10000) detected at line 298
[][][]
 []


Underfull \hbox (badness 10000) detected at line 305
[][][]
 []


Underfull \hbox (badness 10000) detected at line 318
[][][]
 []

) (./perception_8c.tex <./perception_8c__incl.pdf

pdfTeX warning: pdflatex (file ./perception_8c__incl.pdf): PDF inclusion: multi
ple pdfs with page group included in a single page
>
<perception_8c__incl.pdf, id=3921, 460.72125pt x 269.005pt>
File: perception_8c__incl.pdf Graphic file (type pdf)
<use perception_8c__incl.pdf>
Package pdftex.def Info: perception_8c__incl.pdf  used on input line 17.
(pdftex.def)             Requested size: 350.0pt x 204.3556pt.
 [106]
Underfull \hbox (badness 4792) in paragraph at lines 36--38
[]\T1/phv/m/n/10 void [] ([] $\OMS/cmsy/m/n/10 ^^C$\T1/phv/m/n/10 circumference
[]_[]points, float point[]_[]x, float point[]_[]
 []

[107]) (./ptask_8c.tex <./ptask_8c__incl.pdf>
<ptask_8c__incl.pdf, id=3986, 448.67625pt x 212.795pt>
File: ptask_8c__incl.pdf Graphic file (type pdf)
<use ptask_8c__incl.pdf>
Package pdftex.def Info: ptask_8c__incl.pdf  used on input line 8.
(pdftex.def)             Requested size: 350.0pt x 166.00214pt.
 [108]) (./tasks_8c.tex <./tasks_8c__incl.pdf>
<tasks_8c__incl.pdf, id=4002, 658.46pt x 437.635pt>
File: tasks_8c__incl.pdf Graphic file (type pdf)
<use tasks_8c__incl.pdf>
Package pdftex.def Info: tasks_8c__incl.pdf  used on input line 20.
(pdftex.def)             Requested size: 350.0pt x 232.62657pt.
 [109] <./tasks_8c_a91e3918bad881fbf7304d534268de11d_cgraph.pdf>
<tasks_8c_a91e3918bad881fbf7304d534268de11d_cgraph.pdf, id=4022, 434.62375pt x 
291.0875pt>
File: tasks_8c_a91e3918bad881fbf7304d534268de11d_cgraph.pdf Graphic file (type 
pdf)
<use tasks_8c_a91e3918bad881fbf7304d534268de11d_cgraph.pdf>
Package pdftex.def Info: tasks_8c_a91e3918bad881fbf7304d534268de11d_cgraph.pdf 
 used on input line 52.
(pdftex.def)             Requested size: 350.0pt x 234.42487pt.
 <./tasks_8c_a91e3918bad881fbf7304d534268de11d_icgraph.pdf

pdfTeX warning: pdflatex (file ./tasks_8c_a91e3918bad881fbf7304d534268de11d_icg
raph.pdf): PDF inclusion: multiple pdfs with page group included in a single pa
ge
>
<tasks_8c_a91e3918bad881fbf7304d534268de11d_icgraph.pdf, id=4030, 234.8775pt x 
100.375pt>
File: tasks_8c_a91e3918bad881fbf7304d534268de11d_icgraph.pdf Graphic file (type
 pdf)
<use tasks_8c_a91e3918bad881fbf7304d534268de11d_icgraph.pdf>
Package pdftex.def Info: tasks_8c_a91e3918bad881fbf7304d534268de11d_icgraph.pdf
  used on input line 59.
(pdftex.def)             Requested size: 234.0pt x 99.9995pt.
 [110] <./tasks_8c_a16cbac3bef85b555e76fe999965c1b7e_cgraph.pdf>
<tasks_8c_a16cbac3bef85b555e76fe999965c1b7e_cgraph.pdf, id=4049, 598.235pt x 25
2.945pt>
File: tasks_8c_a16cbac3bef85b555e76fe999965c1b7e_cgraph.pdf Graphic file (type 
pdf)
<use tasks_8c_a16cbac3bef85b555e76fe999965c1b7e_cgraph.pdf>
Package pdftex.def Info: tasks_8c_a16cbac3bef85b555e76fe999965c1b7e_cgraph.pdf 
 used on input line 72.
(pdftex.def)             Requested size: 350.0pt x 147.9896pt.
 <./tasks_8c_a16cbac3bef85b555e76fe999965c1b7e_icgraph.pdf

pdfTeX warning: pdflatex (file ./tasks_8c_a16cbac3bef85b555e76fe999965c1b7e_icg
raph.pdf): PDF inclusion: multiple pdfs with page group included in a single pa
ge
>
<tasks_8c_a16cbac3bef85b555e76fe999965c1b7e_icgraph.pdf, id=4058, 235.88126pt x
 100.375pt>
File: tasks_8c_a16cbac3bef85b555e76fe999965c1b7e_icgraph.pdf Graphic file (type
 pdf)
<use tasks_8c_a16cbac3bef85b555e76fe999965c1b7e_icgraph.pdf>
Package pdftex.def Info: tasks_8c_a16cbac3bef85b555e76fe999965c1b7e_icgraph.pdf
  used on input line 79.
(pdftex.def)             Requested size: 235.0pt x 100.00102pt.
 [111]

Package longtable Warning: Column widths have changed
(longtable)                in table 7.40 on input line 100.


Underfull \hbox (badness 10000) detected at line 101
[][][]
 []


Underfull \hbox (badness 10000) detected at line 104
[][][]
 []


Package longtable Warning: Column widths have changed
(longtable)                in table 7.41 on input line 115.


Underfull \hbox (badness 10000) detected at line 116
[][][]
 []


Underfull \hbox (badness 10000) detected at line 119
[][][]
 []

[112]

Package longtable Warning: Column widths have changed
(longtable)                in table 7.42 on input line 130.


Underfull \hbox (badness 10000) detected at line 131
[][][]
 []


Underfull \hbox (badness 10000) detected at line 134
[][][]
 []


Package longtable Warning: Column widths have changed
(longtable)                in table 7.43 on input line 145.


Underfull \hbox (badness 10000) detected at line 146
[][][]
 []


Underfull \hbox (badness 10000) detected at line 149
[][][]
 []

 <./tasks_8c_a746b11c2b14e499dab89746ee003716d_cgraph.pdf

pdfTeX warning: pdflatex (file ./tasks_8c_a746b11c2b14e499dab89746ee003716d_cgr
aph.pdf): PDF inclusion: multiple pdfs with page group included in a single pag
e
>
<tasks_8c_a746b11c2b14e499dab89746ee003716d_cgraph.pdf, id=4081, 475.7775pt x 2
91.0875pt>
File: tasks_8c_a746b11c2b14e499dab89746ee003716d_cgraph.pdf Graphic file (type 
pdf)
<use tasks_8c_a746b11c2b14e499dab89746ee003716d_cgraph.pdf>
Package pdftex.def Info: tasks_8c_a746b11c2b14e499dab89746ee003716d_cgraph.pdf 
 used on input line 157.
(pdftex.def)             Requested size: 350.0pt x 214.14438pt.
 <./tasks_8c_a746b11c2b14e499dab89746ee003716d_icgraph.pdf

pdfTeX warning: pdflatex (file ./tasks_8c_a746b11c2b14e499dab89746ee003716d_icg
raph.pdf): PDF inclusion: multiple pdfs with page group included in a single pa
ge
>
<tasks_8c_a746b11c2b14e499dab89746ee003716d_icgraph.pdf, id=4089, 252.945pt x 1
00.375pt>
File: tasks_8c_a746b11c2b14e499dab89746ee003716d_icgraph.pdf Graphic file (type
 pdf)
<use tasks_8c_a746b11c2b14e499dab89746ee003716d_icgraph.pdf>
Package pdftex.def Info: tasks_8c_a746b11c2b14e499dab89746ee003716d_icgraph.pdf
  used on input line 164.
(pdftex.def)             Requested size: 252.0pt x 100.00255pt.
 [113] <./tasks_8c_ad095128da13e00a037e732dd25ffcbf6_cgraph.pdf>
<tasks_8c_ad095128da13e00a037e732dd25ffcbf6_cgraph.pdf, id=4105, 318.18875pt x 
252.945pt>
File: tasks_8c_ad095128da13e00a037e732dd25ffcbf6_cgraph.pdf Graphic file (type 
pdf)
<use tasks_8c_ad095128da13e00a037e732dd25ffcbf6_cgraph.pdf>
Package pdftex.def Info: tasks_8c_ad095128da13e00a037e732dd25ffcbf6_cgraph.pdf 
 used on input line 177.
(pdftex.def)             Requested size: 317.0pt x 251.99876pt.
 <./tasks_8c_ad095128da13e00a037e732dd25ffcbf6_icgraph.pdf

pdfTeX warning: pdflatex (file ./tasks_8c_ad095128da13e00a037e732dd25ffcbf6_icg
raph.pdf): PDF inclusion: multiple pdfs with page group included in a single pa
ge
>
<tasks_8c_ad095128da13e00a037e732dd25ffcbf6_icgraph.pdf, id=4113, 247.92625pt x
 100.375pt>
File: tasks_8c_ad095128da13e00a037e732dd25ffcbf6_icgraph.pdf Graphic file (type
 pdf)
<use tasks_8c_ad095128da13e00a037e732dd25ffcbf6_icgraph.pdf>
Package pdftex.def Info: tasks_8c_ad095128da13e00a037e732dd25ffcbf6_icgraph.pdf
  used on input line 184.
(pdftex.def)             Requested size: 247.0pt x 100.00102pt.
) (./trajectory_8c.tex [114] <./trajectory_8c__incl.pdf>
<trajectory_8c__incl.pdf, id=4129, 445.665pt x 325.215pt>
File: trajectory_8c__incl.pdf Graphic file (type pdf)
<use trajectory_8c__incl.pdf>
Package pdftex.def Info: trajectory_8c__incl.pdf  used on input line 18.
(pdftex.def)             Requested size: 350.0pt x 255.40846pt.
 [115]
Underfull \hbox (badness 10000) detected at line 69
[][][]
 []


Underfull \hbox (badness 10000) detected at line 77
[][][]
 []

 <./trajectory_8c_a919f2f0e87ab763cdae69585d089d23d_icgraph.pdf>
<trajectory_8c_a919f2f0e87ab763cdae69585d089d23d_icgraph.pdf, id=4161, 395.4775
pt x 100.375pt>
File: trajectory_8c_a919f2f0e87ab763cdae69585d089d23d_icgraph.pdf Graphic file 
(type pdf)
<use trajectory_8c_a919f2f0e87ab763cdae69585d089d23d_icgraph.pdf>
Package pdftex.def Info: trajectory_8c_a919f2f0e87ab763cdae69585d089d23d_icgrap
h.pdf  used on input line 93.
(pdftex.def)             Requested size: 350.0pt x 88.83415pt.
 [116])
(./utilities_8c.tex <./utilities_8c__incl.pdf

pdfTeX warning: pdflatex (file ./utilities_8c__incl.pdf): PDF inclusion: multip
le pdfs with page group included in a single page
>
<utilities_8c__incl.pdf, id=4176, 596.2275pt x 269.005pt>
File: utilities_8c__incl.pdf Graphic file (type pdf)
<use utilities_8c__incl.pdf>
Package pdftex.def Info: utilities_8c__incl.pdf  used on input line 19.
(pdftex.def)             Requested size: 350.0pt x 157.91115pt.
 [117] <./utilities_8c_a33090597864cdfd30d87ff99c14eeecb_icgraph.pdf>
<utilities_8c_a33090597864cdfd30d87ff99c14eeecb_icgraph.pdf, id=4200, 641.39626
pt x 176.66pt>
File: utilities_8c_a33090597864cdfd30d87ff99c14eeecb_icgraph.pdf Graphic file (
type pdf)
<use utilities_8c_a33090597864cdfd30d87ff99c14eeecb_icgraph.pdf>
Package pdftex.def Info: utilities_8c_a33090597864cdfd30d87ff99c14eeecb_icgraph
.pdf  used on input line 62.
(pdftex.def)             Requested size: 350.0pt x 96.40312pt.
 [118]
Overfull \vbox (0.46815pt too high) has occurred while \output is active []


[119]
Underfull \hbox (badness 10000) detected at line 111
[][][]
 []


Underfull \hbox (badness 10000) detected at line 118
[][][]
 []

 <./utilities_8c_a5297509bfed850c9f8cb92b994b7fd75_icgraph.pdf>
<utilities_8c_a5297509bfed850c9f8cb92b994b7fd75_icgraph.pdf, id=4230, 435.6275p
t x 100.375pt>
File: utilities_8c_a5297509bfed850c9f8cb92b994b7fd75_icgraph.pdf Graphic file (
type pdf)
<use utilities_8c_a5297509bfed850c9f8cb92b994b7fd75_icgraph.pdf>
Package pdftex.def Info: utilities_8c_a5297509bfed850c9f8cb92b994b7fd75_icgraph
.pdf  used on input line 132.
(pdftex.def)             Requested size: 350.0pt x 80.6447pt.
 <./utilities_8c_a77d50bbb4a4844ce7ddab4a7b3d52d24_icgraph.pdf

pdfTeX warning: pdflatex (file ./utilities_8c_a77d50bbb4a4844ce7ddab4a7b3d52d24
_icgraph.pdf): PDF inclusion: multiple pdfs with page group included in a singl
e page
>
<utilities_8c_a77d50bbb4a4844ce7ddab4a7b3d52d24_icgraph.pdf, id=4239, 490.83376
pt x 100.375pt>
File: utilities_8c_a77d50bbb4a4844ce7ddab4a7b3d52d24_icgraph.pdf Graphic file (
type pdf)
<use utilities_8c_a77d50bbb4a4844ce7ddab4a7b3d52d24_icgraph.pdf>
Package pdftex.def Info: utilities_8c_a77d50bbb4a4844ce7ddab4a7b3d52d24_icgraph
.pdf  used on input line 145.
(pdftex.def)             Requested size: 350.0pt x 71.57611pt.
 [120] <./utilities_8c_a28b6717d007598c8d776ee5b8652be51_icgraph.pdf>
<utilities_8c_a28b6717d007598c8d776ee5b8652be51_icgraph.pdf, id=4255, 344.28625
pt x 214.8025pt>
File: utilities_8c_a28b6717d007598c8d776ee5b8652be51_icgraph.pdf Graphic file (
type pdf)
<use utilities_8c_a28b6717d007598c8d776ee5b8652be51_icgraph.pdf>
Package pdftex.def Info: utilities_8c_a28b6717d007598c8d776ee5b8652be51_icgraph
.pdf  used on input line 158.
(pdftex.def)             Requested size: 343.0pt x 214.00223pt.
)
(./vehicle_8c.tex <./vehicle_8c__incl.pdf

pdfTeX warning: pdflatex (file ./vehicle_8c__incl.pdf): PDF inclusion: multiple
 pdfs with page group included in a single page
>
<vehicle_8c__incl.pdf, id=4263, 459.7175pt x 212.795pt>
File: vehicle_8c__incl.pdf Graphic file (type pdf)
<use vehicle_8c__incl.pdf>
Package pdftex.def Info: vehicle_8c__incl.pdf  used on input line 11.
(pdftex.def)             Requested size: 350.0pt x 162.0181pt.
 [121]) [122]
No file refman.ind.

Package longtable Warning: Table widths have changed. Rerun LaTeX.

(./refman.aux)
Package rerunfilecheck Info: File `refman.out' has not changed.
(rerunfilecheck)             Checksum: 21A13C45C93BD736666E98AD67C97ACE;62800.
 ) 
Here is how much of TeX's memory you used:
 19849 strings out of 480247
 366480 string characters out of 5896151
 664536 words of memory out of 5000000
 36471 multiletter control sequences out of 15000+600000
 526923 words of font info for 97 fonts, out of 8000000 for 9000
 14 hyphenation exceptions out of 8191
 99i,16n,117p,694b,633s stack positions out of 5000i,500n,10000p,200000b,80000s
{/usr/share/texlive/texmf-dist/fonts/enc/dvips/base/8r.enc}</usr/share/texliv
e/texmf-dist/fonts/type1/public/amsfonts/cm/cmmi10.pfb></usr/share/texlive/texm
f-dist/fonts/type1/public/amsfonts/cm/cmmi7.pfb></usr/share/texlive/texmf-dist/
fonts/type1/public/amsfonts/cm/cmsy10.pfb></usr/share/texlive/texmf-dist/fonts/
type1/public/amsfonts/cm/cmsy7.pfb></usr/share/texlive/texmf-dist/fonts/type1/p
ublic/amsfonts/cm/cmsy8.pfb></usr/share/texlive/texmf-dist/fonts/type1/urw/cour
ier/ucrr8a.pfb></usr/share/texlive/texmf-dist/fonts/type1/urw/courier/ucrro8a.p
fb></usr/share/texlive/texmf-dist/fonts/type1/urw/helvetic/uhvb8a.pfb></usr/sha
re/texlive/texmf-dist/fonts/type1/urw/helvetic/uhvb8ac.pfb></usr/share/texlive/
texmf-dist/fonts/type1/urw/helvetic/uhvr8a.pfb></usr/share/texlive/texmf-dist/f
onts/type1/urw/helvetic/uhvro8a.pfb>
Output written on refman.pdf (132 pages, 1043582 bytes).
PDF statistics:
 4539 PDF objects out of 5155 (max. 8388607)
 3985 compressed objects within 40 object streams
 931 named destinations out of 1000 (max. 500000)
 3196 words of extra memory for PDF output out of 10000 (max. 10000000)

